<!DOCTYPE html PUBLIC "-//W3C//DTD XHTML 1.1//EN" "https://www.w3.org/TR/xhtml11/DTD/xhtml11.dtd">
<html xmlns="https://www.w3.org/1999/xhtml">
<head>
<meta http-equiv="content-type" content="text/html; charset=UTF-8"/>
<title>TestNG Report</title>
<style type="text/css">table {margin-bottom:10px;border-collapse:collapse;empty-cells:show}th,td {border:1px solid #009;padding:.25em .5em}th {vertical-align:bottom}td {vertical-align:top}table a {font-weight:bold}.stripe td {background-color: #E6EBF9}.num {text-align:right}.passedodd td {background-color: #3F3}.passedeven td {background-color: #0A0}.skippedodd td {background-color: #DDD}.skippedeven td {background-color: #CCC}.failedodd td,.attn {background-color: #F33}.failedeven td,.stripe .attn {background-color: #D00}.stacktrace {white-space:pre;font-family:monospace}.totop {font-size:85%;text-align:center;border-bottom:2px solid #000}.invisible {display:none}</style>
</head>
<body>
<table>
<tr><th>Test</th><th># Passed</th><th># Skipped</th><th># Retried</th><th># Failed</th><th>Time (ms)</th><th>Included Groups</th><th>Excluded Groups</th></tr>
<tr><th colspan="8">Surefire suite</th></tr>
<tr><td><a href="#t0">Surefire test</a></td><td class="num">21</td><td class="num">0</td><td class="num">0</td><td class="num attn">14</td><td class="num">508,497</td><td></td><td></td></tr>
</table>
<table id='summary'><thead><tr><th>Class</th><th>Method</th><th>Start</th><th>Time (ms)</th></tr></thead><tbody><tr><th colspan="4">Surefire suite</th></tr></tbody><tbody id="t0"><tr><th colspan="4">Surefire test &#8212; failed</th></tr><tr class="failedeven"><td rowspan="14">runner.TestRunner</td><td><a href="#m0">runScenario</a></td><td rowspan="14">1708978968129</td><td rowspan="14">31583</td></tr><tr class="failedeven"><td><a href="#m1">runScenario</a></td></tr><tr class="failedeven"><td><a href="#m2">runScenario</a></td></tr><tr class="failedeven"><td><a href="#m3">runScenario</a></td></tr><tr class="failedeven"><td><a href="#m4">runScenario</a></td></tr><tr class="failedeven"><td><a href="#m5">runScenario</a></td></tr><tr class="failedeven"><td><a href="#m6">runScenario</a></td></tr><tr class="failedeven"><td><a href="#m7">runScenario</a></td></tr><tr class="failedeven"><td><a href="#m8">runScenario</a></td></tr><tr class="failedeven"><td><a href="#m9">runScenario</a></td></tr><tr class="failedeven"><td><a href="#m10">runScenario</a></td></tr><tr class="failedeven"><td><a href="#m11">runScenario</a></td></tr><tr class="failedeven"><td><a href="#m12">runScenario</a></td></tr><tr class="failedeven"><td><a href="#m13">runScenario</a></td></tr><tr><th colspan="4">Surefire test &#8212; passed</th></tr><tr class="passedeven"><td rowspan="21">runner.TestRunner</td><td><a href="#m14">runScenario</a></td><td rowspan="21">1708978861448</td><td rowspan="21">1374</td></tr><tr class="passedeven"><td><a href="#m15">runScenario</a></td></tr><tr class="passedeven"><td><a href="#m16">runScenario</a></td></tr><tr class="passedeven"><td><a href="#m17">runScenario</a></td></tr><tr class="passedeven"><td><a href="#m18">runScenario</a></td></tr><tr class="passedeven"><td><a href="#m19">runScenario</a></td></tr><tr class="passedeven"><td><a href="#m20">runScenario</a></td></tr><tr class="passedeven"><td><a href="#m21">runScenario</a></td></tr><tr class="passedeven"><td><a href="#m22">runScenario</a></td></tr><tr class="passedeven"><td><a href="#m23">runScenario</a></td></tr><tr class="passedeven"><td><a href="#m24">runScenario</a></td></tr><tr class="passedeven"><td><a href="#m25">runScenario</a></td></tr><tr class="passedeven"><td><a href="#m26">runScenario</a></td></tr><tr class="passedeven"><td><a href="#m27">runScenario</a></td></tr><tr class="passedeven"><td><a href="#m28">runScenario</a></td></tr><tr class="passedeven"><td><a href="#m29">runScenario</a></td></tr><tr class="passedeven"><td><a href="#m30">runScenario</a></td></tr><tr class="passedeven"><td><a href="#m31">runScenario</a></td></tr><tr class="passedeven"><td><a href="#m32">runScenario</a></td></tr><tr class="passedeven"><td><a href="#m33">runScenario</a></td></tr><tr class="passedeven"><td><a href="#m34">runScenario</a></td></tr></tbody>
</table>
<h2>Surefire test</h2><h3 id="m0">runner.TestRunner#runScenario</h3><table class="result"><tr class="param"><th>Parameter #1</th><th>Parameter #2</th></tr><tr class="param stripe"><td>&quot;Verify user should not be able to submit invalid Email : &quot;missingDotComFromDomain@c&quot;&quot;</td><td>&quot;User should be able to submit contact us request&quot;</td></tr><tr><th colspan="2">Exception</th></tr><tr><td colspan="2"><div class="stacktrace">com.microsoft.playwright.TimeoutError: Error {
  message=&apos;Timeout 30000ms exceeded.
  name=&apos;TimeoutError
  stack=&apos;TimeoutError: Timeout 30000ms exceeded.
    at ProgressController.run (/private/var/folders/m8/d_ml1jqs5rdf6m9md2pykmkh0000gn/T/playwright-java-4336040391069677089/package/lib/server/progress.js:87:26)
    at Frame._callOnElementOnceMatches (/private/var/folders/m8/d_ml1jqs5rdf6m9md2pykmkh0000gn/T/playwright-java-4336040391069677089/package/lib/server/frames.js:1399:23)
    at Frame.textContent (/private/var/folders/m8/d_ml1jqs5rdf6m9md2pykmkh0000gn/T/playwright-java-4336040391069677089/package/lib/server/frames.js:1056:17)
    at FrameDispatcher.textContent (/private/var/folders/m8/d_ml1jqs5rdf6m9md2pykmkh0000gn/T/playwright-java-4336040391069677089/package/lib/server/dispatchers/frameDispatcher.js:179:37)
    at FrameDispatcher._handleCommand (/private/var/folders/m8/d_ml1jqs5rdf6m9md2pykmkh0000gn/T/playwright-java-4336040391069677089/package/lib/server/dispatchers/dispatcher.js:94:40)
    at DispatcherConnection.dispatch (/private/var/folders/m8/d_ml1jqs5rdf6m9md2pykmkh0000gn/T/playwright-java-4336040391069677089/package/lib/server/dispatchers/dispatcher.js:362:39)
}
Call log:
- waiting for locator(&quot;.alert&quot;)

	at com.microsoft.playwright.impl.WaitableResult.get(WaitableResult.java:52)
	at com.microsoft.playwright.impl.ChannelOwner.runUntil(ChannelOwner.java:120)
	at com.microsoft.playwright.impl.Connection.sendMessage(Connection.java:129)
	at com.microsoft.playwright.impl.ChannelOwner.sendMessage(ChannelOwner.java:106)
	at com.microsoft.playwright.impl.FrameImpl.textContentImpl(FrameImpl.java:818)
	at com.microsoft.playwright.impl.FrameImpl.lambda$textContent$38(FrameImpl.java:809)
	at com.microsoft.playwright.impl.LoggingSupport.withLogging(LoggingSupport.java:47)
	at com.microsoft.playwright.impl.ChannelOwner.withLogging(ChannelOwner.java:89)
	at com.microsoft.playwright.impl.FrameImpl.textContent(FrameImpl.java:809)
	at com.microsoft.playwright.impl.LocatorImpl.textContent(LocatorImpl.java:566)
	at com.microsoft.playwright.Locator.textContent(Locator.java:5090)
	at com.test.roku.utils.AssertionUtils.assertEquals(AssertionUtils.java:15)
	at com.test.roku.steps.ContactUsPageAssertions.assertErrorDisplayedForInvalidFormat(ContactUsPageAssertions.java:168)
	at com.test.roku.steps.ContactUsSteps.userShouldBeDisplayedInvalidFormatErrorMessage(ContactUsSteps.java:141)
	at ✽.User should be displayed invalid &quot;Email&quot; format error message(file:///Users/sanju/Desktop/PlaywightJavaWorkSpace/PlayWrightJavaAutomation/src/test/java/features/contactUs.feature:71)
Caused by: com.microsoft.playwright.TimeoutError: Error {
  message=&apos;Timeout 30000ms exceeded.
  name=&apos;TimeoutError
  stack=&apos;TimeoutError: Timeout 30000ms exceeded.
    at ProgressController.run (/private/var/folders/m8/d_ml1jqs5rdf6m9md2pykmkh0000gn/T/playwright-java-4336040391069677089/package/lib/server/progress.js:87:26)
    at Frame._callOnElementOnceMatches (/private/var/folders/m8/d_ml1jqs5rdf6m9md2pykmkh0000gn/T/playwright-java-4336040391069677089/package/lib/server/frames.js:1399:23)
    at Frame.textContent (/private/var/folders/m8/d_ml1jqs5rdf6m9md2pykmkh0000gn/T/playwright-java-4336040391069677089/package/lib/server/frames.js:1056:17)
    at FrameDispatcher.textContent (/private/var/folders/m8/d_ml1jqs5rdf6m9md2pykmkh0000gn/T/playwright-java-4336040391069677089/package/lib/server/dispatchers/frameDispatcher.js:179:37)
    at FrameDispatcher._handleCommand (/private/var/folders/m8/d_ml1jqs5rdf6m9md2pykmkh0000gn/T/playwright-java-4336040391069677089/package/lib/server/dispatchers/dispatcher.js:94:40)
    at DispatcherConnection.dispatch (/private/var/folders/m8/d_ml1jqs5rdf6m9md2pykmkh0000gn/T/playwright-java-4336040391069677089/package/lib/server/dispatchers/dispatcher.js:362:39)
}
Call log:
- waiting for locator(&quot;.alert&quot;)

	at com.microsoft.playwright.impl.Connection.dispatch(Connection.java:254)
	at com.microsoft.playwright.impl.Connection.processOneMessage(Connection.java:209)
	at com.microsoft.playwright.impl.ChannelOwner.runUntil(ChannelOwner.java:118)
	at com.microsoft.playwright.impl.Connection.sendMessage(Connection.java:129)
	at com.microsoft.playwright.impl.ChannelOwner.sendMessage(ChannelOwner.java:106)
	at com.microsoft.playwright.impl.FrameImpl.textContentImpl(FrameImpl.java:818)
	at com.microsoft.playwright.impl.FrameImpl.lambda$textContent$38(FrameImpl.java:809)
	at com.microsoft.playwright.impl.LoggingSupport.withLogging(LoggingSupport.java:47)
	at com.microsoft.playwright.impl.ChannelOwner.withLogging(ChannelOwner.java:89)
	at com.microsoft.playwright.impl.FrameImpl.textContent(FrameImpl.java:809)
	at com.microsoft.playwright.impl.LocatorImpl.textContent(LocatorImpl.java:566)
	at com.microsoft.playwright.Locator.textContent(Locator.java:5090)
	at com.test.roku.utils.AssertionUtils.assertEquals(AssertionUtils.java:15)
	at com.test.roku.steps.ContactUsPageAssertions.assertErrorDisplayedForInvalidFormat(ContactUsPageAssertions.java:168)
	at com.test.roku.steps.ContactUsSteps.userShouldBeDisplayedInvalidFormatErrorMessage(ContactUsSteps.java:141)
	at io.cucumber.java.Invoker.doInvoke(Invoker.java:66)
	at io.cucumber.java.Invoker.invoke(Invoker.java:24)
	at io.cucumber.java.AbstractGlueDefinition.invokeMethod(AbstractGlueDefinition.java:47)
	at io.cucumber.java.JavaStepDefinition.execute(JavaStepDefinition.java:29)
	at io.cucumber.core.runner.CoreStepDefinition.execute(CoreStepDefinition.java:66)
	at io.cucumber.core.runner.PickleStepDefinitionMatch.runStep(PickleStepDefinitionMatch.java:63)
	at io.cucumber.core.runner.ExecutionMode$1.execute(ExecutionMode.java:10)
	at io.cucumber.core.runner.TestStep.executeStep(TestStep.java:86)
	at io.cucumber.core.runner.TestStep.run(TestStep.java:57)
	at io.cucumber.core.runner.PickleStepTestStep.run(PickleStepTestStep.java:51)
	at io.cucumber.core.runner.TestCase.run(TestCase.java:95)
	at io.cucumber.core.runner.Runner.runPickle(Runner.java:75)
	at io.cucumber.testng.TestNGCucumberRunner.lambda$runScenario$1(TestNGCucumberRunner.java:132)
	at io.cucumber.core.runtime.CucumberExecutionContext.lambda$runTestCase$3(CucumberExecutionContext.java:151)
	at io.cucumber.core.runtime.RethrowingThrowableCollector.executeAndThrow(RethrowingThrowableCollector.java:23)
	at io.cucumber.core.runtime.CucumberExecutionContext.runTestCase(CucumberExecutionContext.java:151)
	at io.cucumber.testng.TestNGCucumberRunner.runScenario(TestNGCucumberRunner.java:129)
	at io.cucumber.testng.AbstractTestNGCucumberTests.runScenario(AbstractTestNGCucumberTests.java:35)
	at java.base/java.util.ArrayList.forEach(ArrayList.java:1596)
... Removed 32 stack frames</div></td></tr></table><p class="totop"><a href="#summary">back to summary</a></p>
<h3 id="m1">runner.TestRunner#runScenario</h3><table class="result"><tr class="param"><th>Parameter #1</th><th>Parameter #2</th></tr><tr class="param stripe"><td>&quot;Verify user should not be able to submit invalid Name : &quot;@£$%^&amp;*($%^&amp;&quot;&quot;</td><td>&quot;User should be able to submit contact us request&quot;</td></tr><tr><th colspan="2">Exception</th></tr><tr><td colspan="2"><div class="stacktrace">com.microsoft.playwright.TimeoutError: Error {
  message=&apos;Timeout 30000ms exceeded.
  name=&apos;TimeoutError
  stack=&apos;TimeoutError: Timeout 30000ms exceeded.
    at ProgressController.run (/private/var/folders/m8/d_ml1jqs5rdf6m9md2pykmkh0000gn/T/playwright-java-4336040391069677089/package/lib/server/progress.js:87:26)
    at Frame._callOnElementOnceMatches (/private/var/folders/m8/d_ml1jqs5rdf6m9md2pykmkh0000gn/T/playwright-java-4336040391069677089/package/lib/server/frames.js:1399:23)
    at Frame.textContent (/private/var/folders/m8/d_ml1jqs5rdf6m9md2pykmkh0000gn/T/playwright-java-4336040391069677089/package/lib/server/frames.js:1056:17)
    at FrameDispatcher.textContent (/private/var/folders/m8/d_ml1jqs5rdf6m9md2pykmkh0000gn/T/playwright-java-4336040391069677089/package/lib/server/dispatchers/frameDispatcher.js:179:37)
    at FrameDispatcher._handleCommand (/private/var/folders/m8/d_ml1jqs5rdf6m9md2pykmkh0000gn/T/playwright-java-4336040391069677089/package/lib/server/dispatchers/dispatcher.js:94:40)
    at DispatcherConnection.dispatch (/private/var/folders/m8/d_ml1jqs5rdf6m9md2pykmkh0000gn/T/playwright-java-4336040391069677089/package/lib/server/dispatchers/dispatcher.js:362:39)
}
Call log:
- waiting for locator(&quot;.alert&quot;)

	at com.microsoft.playwright.impl.WaitableResult.get(WaitableResult.java:52)
	at com.microsoft.playwright.impl.ChannelOwner.runUntil(ChannelOwner.java:120)
	at com.microsoft.playwright.impl.Connection.sendMessage(Connection.java:129)
	at com.microsoft.playwright.impl.ChannelOwner.sendMessage(ChannelOwner.java:106)
	at com.microsoft.playwright.impl.FrameImpl.textContentImpl(FrameImpl.java:818)
	at com.microsoft.playwright.impl.FrameImpl.lambda$textContent$38(FrameImpl.java:809)
	at com.microsoft.playwright.impl.LoggingSupport.withLogging(LoggingSupport.java:47)
	at com.microsoft.playwright.impl.ChannelOwner.withLogging(ChannelOwner.java:89)
	at com.microsoft.playwright.impl.FrameImpl.textContent(FrameImpl.java:809)
	at com.microsoft.playwright.impl.LocatorImpl.textContent(LocatorImpl.java:566)
	at com.microsoft.playwright.Locator.textContent(Locator.java:5090)
	at com.test.roku.utils.AssertionUtils.assertEquals(AssertionUtils.java:15)
	at com.test.roku.steps.ContactUsPageAssertions.assertErrorDisplayedForInvalidFormat(ContactUsPageAssertions.java:168)
	at com.test.roku.steps.ContactUsSteps.userShouldBeDisplayedInvalidFormatErrorMessage(ContactUsSteps.java:141)
	at ✽.User should be displayed invalid &quot;Name&quot; format error message(file:///Users/sanju/Desktop/PlaywightJavaWorkSpace/PlayWrightJavaAutomation/src/test/java/features/contactUs.feature:60)
Caused by: com.microsoft.playwright.TimeoutError: Error {
  message=&apos;Timeout 30000ms exceeded.
  name=&apos;TimeoutError
  stack=&apos;TimeoutError: Timeout 30000ms exceeded.
    at ProgressController.run (/private/var/folders/m8/d_ml1jqs5rdf6m9md2pykmkh0000gn/T/playwright-java-4336040391069677089/package/lib/server/progress.js:87:26)
    at Frame._callOnElementOnceMatches (/private/var/folders/m8/d_ml1jqs5rdf6m9md2pykmkh0000gn/T/playwright-java-4336040391069677089/package/lib/server/frames.js:1399:23)
    at Frame.textContent (/private/var/folders/m8/d_ml1jqs5rdf6m9md2pykmkh0000gn/T/playwright-java-4336040391069677089/package/lib/server/frames.js:1056:17)
    at FrameDispatcher.textContent (/private/var/folders/m8/d_ml1jqs5rdf6m9md2pykmkh0000gn/T/playwright-java-4336040391069677089/package/lib/server/dispatchers/frameDispatcher.js:179:37)
    at FrameDispatcher._handleCommand (/private/var/folders/m8/d_ml1jqs5rdf6m9md2pykmkh0000gn/T/playwright-java-4336040391069677089/package/lib/server/dispatchers/dispatcher.js:94:40)
    at DispatcherConnection.dispatch (/private/var/folders/m8/d_ml1jqs5rdf6m9md2pykmkh0000gn/T/playwright-java-4336040391069677089/package/lib/server/dispatchers/dispatcher.js:362:39)
}
Call log:
- waiting for locator(&quot;.alert&quot;)

	at com.microsoft.playwright.impl.Connection.dispatch(Connection.java:254)
	at com.microsoft.playwright.impl.Connection.processOneMessage(Connection.java:209)
	at com.microsoft.playwright.impl.ChannelOwner.runUntil(ChannelOwner.java:118)
	at com.microsoft.playwright.impl.Connection.sendMessage(Connection.java:129)
	at com.microsoft.playwright.impl.ChannelOwner.sendMessage(ChannelOwner.java:106)
	at com.microsoft.playwright.impl.FrameImpl.textContentImpl(FrameImpl.java:818)
	at com.microsoft.playwright.impl.FrameImpl.lambda$textContent$38(FrameImpl.java:809)
	at com.microsoft.playwright.impl.LoggingSupport.withLogging(LoggingSupport.java:47)
	at com.microsoft.playwright.impl.ChannelOwner.withLogging(ChannelOwner.java:89)
	at com.microsoft.playwright.impl.FrameImpl.textContent(FrameImpl.java:809)
	at com.microsoft.playwright.impl.LocatorImpl.textContent(LocatorImpl.java:566)
	at com.microsoft.playwright.Locator.textContent(Locator.java:5090)
	at com.test.roku.utils.AssertionUtils.assertEquals(AssertionUtils.java:15)
	at com.test.roku.steps.ContactUsPageAssertions.assertErrorDisplayedForInvalidFormat(ContactUsPageAssertions.java:168)
	at com.test.roku.steps.ContactUsSteps.userShouldBeDisplayedInvalidFormatErrorMessage(ContactUsSteps.java:141)
	at io.cucumber.java.Invoker.doInvoke(Invoker.java:66)
	at io.cucumber.java.Invoker.invoke(Invoker.java:24)
	at io.cucumber.java.AbstractGlueDefinition.invokeMethod(AbstractGlueDefinition.java:47)
	at io.cucumber.java.JavaStepDefinition.execute(JavaStepDefinition.java:29)
	at io.cucumber.core.runner.CoreStepDefinition.execute(CoreStepDefinition.java:66)
	at io.cucumber.core.runner.PickleStepDefinitionMatch.runStep(PickleStepDefinitionMatch.java:63)
	at io.cucumber.core.runner.ExecutionMode$1.execute(ExecutionMode.java:10)
	at io.cucumber.core.runner.TestStep.executeStep(TestStep.java:86)
	at io.cucumber.core.runner.TestStep.run(TestStep.java:57)
	at io.cucumber.core.runner.PickleStepTestStep.run(PickleStepTestStep.java:51)
	at io.cucumber.core.runner.TestCase.run(TestCase.java:95)
	at io.cucumber.core.runner.Runner.runPickle(Runner.java:75)
	at io.cucumber.testng.TestNGCucumberRunner.lambda$runScenario$1(TestNGCucumberRunner.java:132)
	at io.cucumber.core.runtime.CucumberExecutionContext.lambda$runTestCase$3(CucumberExecutionContext.java:151)
	at io.cucumber.core.runtime.RethrowingThrowableCollector.executeAndThrow(RethrowingThrowableCollector.java:23)
	at io.cucumber.core.runtime.CucumberExecutionContext.runTestCase(CucumberExecutionContext.java:151)
	at io.cucumber.testng.TestNGCucumberRunner.runScenario(TestNGCucumberRunner.java:129)
	at io.cucumber.testng.AbstractTestNGCucumberTests.runScenario(AbstractTestNGCucumberTests.java:35)
	at java.base/java.util.ArrayList.forEach(ArrayList.java:1596)
... Removed 32 stack frames</div></td></tr></table><p class="totop"><a href="#summary">back to summary</a></p>
<h3 id="m2">runner.TestRunner#runScenario</h3><table class="result"><tr class="param"><th>Parameter #1</th><th>Parameter #2</th></tr><tr class="param stripe"><td>&quot;Verify user should not be able to submit invalid Phone Number : &quot;!@£$%^&amp;*%^&amp;*&quot;&quot;</td><td>&quot;User should be able to submit contact us request&quot;</td></tr><tr><th colspan="2">Exception</th></tr><tr><td colspan="2"><div class="stacktrace">com.microsoft.playwright.TimeoutError: Error {
  message=&apos;Timeout 30000ms exceeded.
  name=&apos;TimeoutError
  stack=&apos;TimeoutError: Timeout 30000ms exceeded.
    at ProgressController.run (/private/var/folders/m8/d_ml1jqs5rdf6m9md2pykmkh0000gn/T/playwright-java-4336040391069677089/package/lib/server/progress.js:87:26)
    at Frame._callOnElementOnceMatches (/private/var/folders/m8/d_ml1jqs5rdf6m9md2pykmkh0000gn/T/playwright-java-4336040391069677089/package/lib/server/frames.js:1399:23)
    at Frame.textContent (/private/var/folders/m8/d_ml1jqs5rdf6m9md2pykmkh0000gn/T/playwright-java-4336040391069677089/package/lib/server/frames.js:1056:17)
    at FrameDispatcher.textContent (/private/var/folders/m8/d_ml1jqs5rdf6m9md2pykmkh0000gn/T/playwright-java-4336040391069677089/package/lib/server/dispatchers/frameDispatcher.js:179:37)
    at FrameDispatcher._handleCommand (/private/var/folders/m8/d_ml1jqs5rdf6m9md2pykmkh0000gn/T/playwright-java-4336040391069677089/package/lib/server/dispatchers/dispatcher.js:94:40)
    at DispatcherConnection.dispatch (/private/var/folders/m8/d_ml1jqs5rdf6m9md2pykmkh0000gn/T/playwright-java-4336040391069677089/package/lib/server/dispatchers/dispatcher.js:362:39)
}
Call log:
- waiting for locator(&quot;.alert&quot;)

	at com.microsoft.playwright.impl.WaitableResult.get(WaitableResult.java:52)
	at com.microsoft.playwright.impl.ChannelOwner.runUntil(ChannelOwner.java:120)
	at com.microsoft.playwright.impl.Connection.sendMessage(Connection.java:129)
	at com.microsoft.playwright.impl.ChannelOwner.sendMessage(ChannelOwner.java:106)
	at com.microsoft.playwright.impl.FrameImpl.textContentImpl(FrameImpl.java:818)
	at com.microsoft.playwright.impl.FrameImpl.lambda$textContent$38(FrameImpl.java:809)
	at com.microsoft.playwright.impl.LoggingSupport.withLogging(LoggingSupport.java:47)
	at com.microsoft.playwright.impl.ChannelOwner.withLogging(ChannelOwner.java:89)
	at com.microsoft.playwright.impl.FrameImpl.textContent(FrameImpl.java:809)
	at com.microsoft.playwright.impl.LocatorImpl.textContent(LocatorImpl.java:566)
	at com.microsoft.playwright.Locator.textContent(Locator.java:5090)
	at com.test.roku.utils.AssertionUtils.assertEquals(AssertionUtils.java:15)
	at com.test.roku.steps.ContactUsPageAssertions.assertErrorDisplayedForInvalidFormat(ContactUsPageAssertions.java:168)
	at com.test.roku.steps.ContactUsSteps.userShouldBeDisplayedInvalidFormatErrorMessage(ContactUsSteps.java:141)
	at ✽.User should be displayed invalid &quot;Phone&quot; format error message(file:///Users/sanju/Desktop/PlaywightJavaWorkSpace/PlayWrightJavaAutomation/src/test/java/features/contactUs.feature:87)
Caused by: com.microsoft.playwright.TimeoutError: Error {
  message=&apos;Timeout 30000ms exceeded.
  name=&apos;TimeoutError
  stack=&apos;TimeoutError: Timeout 30000ms exceeded.
    at ProgressController.run (/private/var/folders/m8/d_ml1jqs5rdf6m9md2pykmkh0000gn/T/playwright-java-4336040391069677089/package/lib/server/progress.js:87:26)
    at Frame._callOnElementOnceMatches (/private/var/folders/m8/d_ml1jqs5rdf6m9md2pykmkh0000gn/T/playwright-java-4336040391069677089/package/lib/server/frames.js:1399:23)
    at Frame.textContent (/private/var/folders/m8/d_ml1jqs5rdf6m9md2pykmkh0000gn/T/playwright-java-4336040391069677089/package/lib/server/frames.js:1056:17)
    at FrameDispatcher.textContent (/private/var/folders/m8/d_ml1jqs5rdf6m9md2pykmkh0000gn/T/playwright-java-4336040391069677089/package/lib/server/dispatchers/frameDispatcher.js:179:37)
    at FrameDispatcher._handleCommand (/private/var/folders/m8/d_ml1jqs5rdf6m9md2pykmkh0000gn/T/playwright-java-4336040391069677089/package/lib/server/dispatchers/dispatcher.js:94:40)
    at DispatcherConnection.dispatch (/private/var/folders/m8/d_ml1jqs5rdf6m9md2pykmkh0000gn/T/playwright-java-4336040391069677089/package/lib/server/dispatchers/dispatcher.js:362:39)
}
Call log:
- waiting for locator(&quot;.alert&quot;)

	at com.microsoft.playwright.impl.Connection.dispatch(Connection.java:254)
	at com.microsoft.playwright.impl.Connection.processOneMessage(Connection.java:209)
	at com.microsoft.playwright.impl.ChannelOwner.runUntil(ChannelOwner.java:118)
	at com.microsoft.playwright.impl.Connection.sendMessage(Connection.java:129)
	at com.microsoft.playwright.impl.ChannelOwner.sendMessage(ChannelOwner.java:106)
	at com.microsoft.playwright.impl.FrameImpl.textContentImpl(FrameImpl.java:818)
	at com.microsoft.playwright.impl.FrameImpl.lambda$textContent$38(FrameImpl.java:809)
	at com.microsoft.playwright.impl.LoggingSupport.withLogging(LoggingSupport.java:47)
	at com.microsoft.playwright.impl.ChannelOwner.withLogging(ChannelOwner.java:89)
	at com.microsoft.playwright.impl.FrameImpl.textContent(FrameImpl.java:809)
	at com.microsoft.playwright.impl.LocatorImpl.textContent(LocatorImpl.java:566)
	at com.microsoft.playwright.Locator.textContent(Locator.java:5090)
	at com.test.roku.utils.AssertionUtils.assertEquals(AssertionUtils.java:15)
	at com.test.roku.steps.ContactUsPageAssertions.assertErrorDisplayedForInvalidFormat(ContactUsPageAssertions.java:168)
	at com.test.roku.steps.ContactUsSteps.userShouldBeDisplayedInvalidFormatErrorMessage(ContactUsSteps.java:141)
	at io.cucumber.java.Invoker.doInvoke(Invoker.java:66)
	at io.cucumber.java.Invoker.invoke(Invoker.java:24)
	at io.cucumber.java.AbstractGlueDefinition.invokeMethod(AbstractGlueDefinition.java:47)
	at io.cucumber.java.JavaStepDefinition.execute(JavaStepDefinition.java:29)
	at io.cucumber.core.runner.CoreStepDefinition.execute(CoreStepDefinition.java:66)
	at io.cucumber.core.runner.PickleStepDefinitionMatch.runStep(PickleStepDefinitionMatch.java:63)
	at io.cucumber.core.runner.ExecutionMode$1.execute(ExecutionMode.java:10)
	at io.cucumber.core.runner.TestStep.executeStep(TestStep.java:86)
	at io.cucumber.core.runner.TestStep.run(TestStep.java:57)
	at io.cucumber.core.runner.PickleStepTestStep.run(PickleStepTestStep.java:51)
	at io.cucumber.core.runner.TestCase.run(TestCase.java:95)
	at io.cucumber.core.runner.Runner.runPickle(Runner.java:75)
	at io.cucumber.testng.TestNGCucumberRunner.lambda$runScenario$1(TestNGCucumberRunner.java:132)
	at io.cucumber.core.runtime.CucumberExecutionContext.lambda$runTestCase$3(CucumberExecutionContext.java:151)
	at io.cucumber.core.runtime.RethrowingThrowableCollector.executeAndThrow(RethrowingThrowableCollector.java:23)
	at io.cucumber.core.runtime.CucumberExecutionContext.runTestCase(CucumberExecutionContext.java:151)
	at io.cucumber.testng.TestNGCucumberRunner.runScenario(TestNGCucumberRunner.java:129)
	at io.cucumber.testng.AbstractTestNGCucumberTests.runScenario(AbstractTestNGCucumberTests.java:35)
	at java.base/java.util.ArrayList.forEach(ArrayList.java:1596)
... Removed 32 stack frames</div></td></tr></table><p class="totop"><a href="#summary">back to summary</a></p>
<h3 id="m3">runner.TestRunner#runScenario</h3><table class="result"><tr class="param"><th>Parameter #1</th><th>Parameter #2</th></tr><tr class="param stripe"><td>&quot;Verify user should not be able to submit invalid Name : &quot;123456789&quot;&quot;</td><td>&quot;User should be able to submit contact us request&quot;</td></tr><tr><th colspan="2">Exception</th></tr><tr><td colspan="2"><div class="stacktrace">com.microsoft.playwright.TimeoutError: Error {
  message=&apos;Timeout 30000ms exceeded.
  name=&apos;TimeoutError
  stack=&apos;TimeoutError: Timeout 30000ms exceeded.
    at ProgressController.run (/private/var/folders/m8/d_ml1jqs5rdf6m9md2pykmkh0000gn/T/playwright-java-4336040391069677089/package/lib/server/progress.js:87:26)
    at Frame._callOnElementOnceMatches (/private/var/folders/m8/d_ml1jqs5rdf6m9md2pykmkh0000gn/T/playwright-java-4336040391069677089/package/lib/server/frames.js:1399:23)
    at Frame.textContent (/private/var/folders/m8/d_ml1jqs5rdf6m9md2pykmkh0000gn/T/playwright-java-4336040391069677089/package/lib/server/frames.js:1056:17)
    at FrameDispatcher.textContent (/private/var/folders/m8/d_ml1jqs5rdf6m9md2pykmkh0000gn/T/playwright-java-4336040391069677089/package/lib/server/dispatchers/frameDispatcher.js:179:37)
    at FrameDispatcher._handleCommand (/private/var/folders/m8/d_ml1jqs5rdf6m9md2pykmkh0000gn/T/playwright-java-4336040391069677089/package/lib/server/dispatchers/dispatcher.js:94:40)
    at DispatcherConnection.dispatch (/private/var/folders/m8/d_ml1jqs5rdf6m9md2pykmkh0000gn/T/playwright-java-4336040391069677089/package/lib/server/dispatchers/dispatcher.js:362:39)
}
Call log:
- waiting for locator(&quot;.alert&quot;)

	at com.microsoft.playwright.impl.WaitableResult.get(WaitableResult.java:52)
	at com.microsoft.playwright.impl.ChannelOwner.runUntil(ChannelOwner.java:120)
	at com.microsoft.playwright.impl.Connection.sendMessage(Connection.java:129)
	at com.microsoft.playwright.impl.ChannelOwner.sendMessage(ChannelOwner.java:106)
	at com.microsoft.playwright.impl.FrameImpl.textContentImpl(FrameImpl.java:818)
	at com.microsoft.playwright.impl.FrameImpl.lambda$textContent$38(FrameImpl.java:809)
	at com.microsoft.playwright.impl.LoggingSupport.withLogging(LoggingSupport.java:47)
	at com.microsoft.playwright.impl.ChannelOwner.withLogging(ChannelOwner.java:89)
	at com.microsoft.playwright.impl.FrameImpl.textContent(FrameImpl.java:809)
	at com.microsoft.playwright.impl.LocatorImpl.textContent(LocatorImpl.java:566)
	at com.microsoft.playwright.Locator.textContent(Locator.java:5090)
	at com.test.roku.utils.AssertionUtils.assertEquals(AssertionUtils.java:15)
	at com.test.roku.steps.ContactUsPageAssertions.assertErrorDisplayedForInvalidFormat(ContactUsPageAssertions.java:168)
	at com.test.roku.steps.ContactUsSteps.userShouldBeDisplayedInvalidFormatErrorMessage(ContactUsSteps.java:141)
	at ✽.User should be displayed invalid &quot;Name&quot; format error message(file:///Users/sanju/Desktop/PlaywightJavaWorkSpace/PlayWrightJavaAutomation/src/test/java/features/contactUs.feature:60)
Caused by: com.microsoft.playwright.TimeoutError: Error {
  message=&apos;Timeout 30000ms exceeded.
  name=&apos;TimeoutError
  stack=&apos;TimeoutError: Timeout 30000ms exceeded.
    at ProgressController.run (/private/var/folders/m8/d_ml1jqs5rdf6m9md2pykmkh0000gn/T/playwright-java-4336040391069677089/package/lib/server/progress.js:87:26)
    at Frame._callOnElementOnceMatches (/private/var/folders/m8/d_ml1jqs5rdf6m9md2pykmkh0000gn/T/playwright-java-4336040391069677089/package/lib/server/frames.js:1399:23)
    at Frame.textContent (/private/var/folders/m8/d_ml1jqs5rdf6m9md2pykmkh0000gn/T/playwright-java-4336040391069677089/package/lib/server/frames.js:1056:17)
    at FrameDispatcher.textContent (/private/var/folders/m8/d_ml1jqs5rdf6m9md2pykmkh0000gn/T/playwright-java-4336040391069677089/package/lib/server/dispatchers/frameDispatcher.js:179:37)
    at FrameDispatcher._handleCommand (/private/var/folders/m8/d_ml1jqs5rdf6m9md2pykmkh0000gn/T/playwright-java-4336040391069677089/package/lib/server/dispatchers/dispatcher.js:94:40)
    at DispatcherConnection.dispatch (/private/var/folders/m8/d_ml1jqs5rdf6m9md2pykmkh0000gn/T/playwright-java-4336040391069677089/package/lib/server/dispatchers/dispatcher.js:362:39)
}
Call log:
- waiting for locator(&quot;.alert&quot;)

	at com.microsoft.playwright.impl.Connection.dispatch(Connection.java:254)
	at com.microsoft.playwright.impl.Connection.processOneMessage(Connection.java:209)
	at com.microsoft.playwright.impl.ChannelOwner.runUntil(ChannelOwner.java:118)
	at com.microsoft.playwright.impl.Connection.sendMessage(Connection.java:129)
	at com.microsoft.playwright.impl.ChannelOwner.sendMessage(ChannelOwner.java:106)
	at com.microsoft.playwright.impl.FrameImpl.textContentImpl(FrameImpl.java:818)
	at com.microsoft.playwright.impl.FrameImpl.lambda$textContent$38(FrameImpl.java:809)
	at com.microsoft.playwright.impl.LoggingSupport.withLogging(LoggingSupport.java:47)
	at com.microsoft.playwright.impl.ChannelOwner.withLogging(ChannelOwner.java:89)
	at com.microsoft.playwright.impl.FrameImpl.textContent(FrameImpl.java:809)
	at com.microsoft.playwright.impl.LocatorImpl.textContent(LocatorImpl.java:566)
	at com.microsoft.playwright.Locator.textContent(Locator.java:5090)
	at com.test.roku.utils.AssertionUtils.assertEquals(AssertionUtils.java:15)
	at com.test.roku.steps.ContactUsPageAssertions.assertErrorDisplayedForInvalidFormat(ContactUsPageAssertions.java:168)
	at com.test.roku.steps.ContactUsSteps.userShouldBeDisplayedInvalidFormatErrorMessage(ContactUsSteps.java:141)
	at io.cucumber.java.Invoker.doInvoke(Invoker.java:66)
	at io.cucumber.java.Invoker.invoke(Invoker.java:24)
	at io.cucumber.java.AbstractGlueDefinition.invokeMethod(AbstractGlueDefinition.java:47)
	at io.cucumber.java.JavaStepDefinition.execute(JavaStepDefinition.java:29)
	at io.cucumber.core.runner.CoreStepDefinition.execute(CoreStepDefinition.java:66)
	at io.cucumber.core.runner.PickleStepDefinitionMatch.runStep(PickleStepDefinitionMatch.java:63)
	at io.cucumber.core.runner.ExecutionMode$1.execute(ExecutionMode.java:10)
	at io.cucumber.core.runner.TestStep.executeStep(TestStep.java:86)
	at io.cucumber.core.runner.TestStep.run(TestStep.java:57)
	at io.cucumber.core.runner.PickleStepTestStep.run(PickleStepTestStep.java:51)
	at io.cucumber.core.runner.TestCase.run(TestCase.java:95)
	at io.cucumber.core.runner.Runner.runPickle(Runner.java:75)
	at io.cucumber.testng.TestNGCucumberRunner.lambda$runScenario$1(TestNGCucumberRunner.java:132)
	at io.cucumber.core.runtime.CucumberExecutionContext.lambda$runTestCase$3(CucumberExecutionContext.java:151)
	at io.cucumber.core.runtime.RethrowingThrowableCollector.executeAndThrow(RethrowingThrowableCollector.java:23)
	at io.cucumber.core.runtime.CucumberExecutionContext.runTestCase(CucumberExecutionContext.java:151)
	at io.cucumber.testng.TestNGCucumberRunner.runScenario(TestNGCucumberRunner.java:129)
	at io.cucumber.testng.AbstractTestNGCucumberTests.runScenario(AbstractTestNGCucumberTests.java:35)
	at java.base/java.util.ArrayList.forEach(ArrayList.java:1596)
... Removed 32 stack frames</div></td></tr></table><p class="totop"><a href="#summary">back to summary</a></p>
<h3 id="m4">runner.TestRunner#runScenario</h3><table class="result"><tr class="param"><th>Parameter #1</th><th>Parameter #2</th></tr><tr class="param stripe"><td>&quot;Verify user should not be able to submit invalid Phone Number : &quot;stringWith42353254&quot;&quot;</td><td>&quot;User should be able to submit contact us request&quot;</td></tr><tr><th colspan="2">Exception</th></tr><tr><td colspan="2"><div class="stacktrace">com.microsoft.playwright.TimeoutError: Error {
  message=&apos;Timeout 30000ms exceeded.
  name=&apos;TimeoutError
  stack=&apos;TimeoutError: Timeout 30000ms exceeded.
    at ProgressController.run (/private/var/folders/m8/d_ml1jqs5rdf6m9md2pykmkh0000gn/T/playwright-java-4336040391069677089/package/lib/server/progress.js:87:26)
    at Frame._callOnElementOnceMatches (/private/var/folders/m8/d_ml1jqs5rdf6m9md2pykmkh0000gn/T/playwright-java-4336040391069677089/package/lib/server/frames.js:1399:23)
    at Frame.textContent (/private/var/folders/m8/d_ml1jqs5rdf6m9md2pykmkh0000gn/T/playwright-java-4336040391069677089/package/lib/server/frames.js:1056:17)
    at FrameDispatcher.textContent (/private/var/folders/m8/d_ml1jqs5rdf6m9md2pykmkh0000gn/T/playwright-java-4336040391069677089/package/lib/server/dispatchers/frameDispatcher.js:179:37)
    at FrameDispatcher._handleCommand (/private/var/folders/m8/d_ml1jqs5rdf6m9md2pykmkh0000gn/T/playwright-java-4336040391069677089/package/lib/server/dispatchers/dispatcher.js:94:40)
    at DispatcherConnection.dispatch (/private/var/folders/m8/d_ml1jqs5rdf6m9md2pykmkh0000gn/T/playwright-java-4336040391069677089/package/lib/server/dispatchers/dispatcher.js:362:39)
}
Call log:
- waiting for locator(&quot;.alert&quot;)

	at com.microsoft.playwright.impl.WaitableResult.get(WaitableResult.java:52)
	at com.microsoft.playwright.impl.ChannelOwner.runUntil(ChannelOwner.java:120)
	at com.microsoft.playwright.impl.Connection.sendMessage(Connection.java:129)
	at com.microsoft.playwright.impl.ChannelOwner.sendMessage(ChannelOwner.java:106)
	at com.microsoft.playwright.impl.FrameImpl.textContentImpl(FrameImpl.java:818)
	at com.microsoft.playwright.impl.FrameImpl.lambda$textContent$38(FrameImpl.java:809)
	at com.microsoft.playwright.impl.LoggingSupport.withLogging(LoggingSupport.java:47)
	at com.microsoft.playwright.impl.ChannelOwner.withLogging(ChannelOwner.java:89)
	at com.microsoft.playwright.impl.FrameImpl.textContent(FrameImpl.java:809)
	at com.microsoft.playwright.impl.LocatorImpl.textContent(LocatorImpl.java:566)
	at com.microsoft.playwright.Locator.textContent(Locator.java:5090)
	at com.test.roku.utils.AssertionUtils.assertEquals(AssertionUtils.java:15)
	at com.test.roku.steps.ContactUsPageAssertions.assertErrorDisplayedForInvalidFormat(ContactUsPageAssertions.java:168)
	at com.test.roku.steps.ContactUsSteps.userShouldBeDisplayedInvalidFormatErrorMessage(ContactUsSteps.java:141)
	at ✽.User should be displayed invalid &quot;Phone&quot; format error message(file:///Users/sanju/Desktop/PlaywightJavaWorkSpace/PlayWrightJavaAutomation/src/test/java/features/contactUs.feature:87)
Caused by: com.microsoft.playwright.TimeoutError: Error {
  message=&apos;Timeout 30000ms exceeded.
  name=&apos;TimeoutError
  stack=&apos;TimeoutError: Timeout 30000ms exceeded.
    at ProgressController.run (/private/var/folders/m8/d_ml1jqs5rdf6m9md2pykmkh0000gn/T/playwright-java-4336040391069677089/package/lib/server/progress.js:87:26)
    at Frame._callOnElementOnceMatches (/private/var/folders/m8/d_ml1jqs5rdf6m9md2pykmkh0000gn/T/playwright-java-4336040391069677089/package/lib/server/frames.js:1399:23)
    at Frame.textContent (/private/var/folders/m8/d_ml1jqs5rdf6m9md2pykmkh0000gn/T/playwright-java-4336040391069677089/package/lib/server/frames.js:1056:17)
    at FrameDispatcher.textContent (/private/var/folders/m8/d_ml1jqs5rdf6m9md2pykmkh0000gn/T/playwright-java-4336040391069677089/package/lib/server/dispatchers/frameDispatcher.js:179:37)
    at FrameDispatcher._handleCommand (/private/var/folders/m8/d_ml1jqs5rdf6m9md2pykmkh0000gn/T/playwright-java-4336040391069677089/package/lib/server/dispatchers/dispatcher.js:94:40)
    at DispatcherConnection.dispatch (/private/var/folders/m8/d_ml1jqs5rdf6m9md2pykmkh0000gn/T/playwright-java-4336040391069677089/package/lib/server/dispatchers/dispatcher.js:362:39)
}
Call log:
- waiting for locator(&quot;.alert&quot;)

	at com.microsoft.playwright.impl.Connection.dispatch(Connection.java:254)
	at com.microsoft.playwright.impl.Connection.processOneMessage(Connection.java:209)
	at com.microsoft.playwright.impl.ChannelOwner.runUntil(ChannelOwner.java:118)
	at com.microsoft.playwright.impl.Connection.sendMessage(Connection.java:129)
	at com.microsoft.playwright.impl.ChannelOwner.sendMessage(ChannelOwner.java:106)
	at com.microsoft.playwright.impl.FrameImpl.textContentImpl(FrameImpl.java:818)
	at com.microsoft.playwright.impl.FrameImpl.lambda$textContent$38(FrameImpl.java:809)
	at com.microsoft.playwright.impl.LoggingSupport.withLogging(LoggingSupport.java:47)
	at com.microsoft.playwright.impl.ChannelOwner.withLogging(ChannelOwner.java:89)
	at com.microsoft.playwright.impl.FrameImpl.textContent(FrameImpl.java:809)
	at com.microsoft.playwright.impl.LocatorImpl.textContent(LocatorImpl.java:566)
	at com.microsoft.playwright.Locator.textContent(Locator.java:5090)
	at com.test.roku.utils.AssertionUtils.assertEquals(AssertionUtils.java:15)
	at com.test.roku.steps.ContactUsPageAssertions.assertErrorDisplayedForInvalidFormat(ContactUsPageAssertions.java:168)
	at com.test.roku.steps.ContactUsSteps.userShouldBeDisplayedInvalidFormatErrorMessage(ContactUsSteps.java:141)
	at io.cucumber.java.Invoker.doInvoke(Invoker.java:66)
	at io.cucumber.java.Invoker.invoke(Invoker.java:24)
	at io.cucumber.java.AbstractGlueDefinition.invokeMethod(AbstractGlueDefinition.java:47)
	at io.cucumber.java.JavaStepDefinition.execute(JavaStepDefinition.java:29)
	at io.cucumber.core.runner.CoreStepDefinition.execute(CoreStepDefinition.java:66)
	at io.cucumber.core.runner.PickleStepDefinitionMatch.runStep(PickleStepDefinitionMatch.java:63)
	at io.cucumber.core.runner.ExecutionMode$1.execute(ExecutionMode.java:10)
	at io.cucumber.core.runner.TestStep.executeStep(TestStep.java:86)
	at io.cucumber.core.runner.TestStep.run(TestStep.java:57)
	at io.cucumber.core.runner.PickleStepTestStep.run(PickleStepTestStep.java:51)
	at io.cucumber.core.runner.TestCase.run(TestCase.java:95)
	at io.cucumber.core.runner.Runner.runPickle(Runner.java:75)
	at io.cucumber.testng.TestNGCucumberRunner.lambda$runScenario$1(TestNGCucumberRunner.java:132)
	at io.cucumber.core.runtime.CucumberExecutionContext.lambda$runTestCase$3(CucumberExecutionContext.java:151)
	at io.cucumber.core.runtime.RethrowingThrowableCollector.executeAndThrow(RethrowingThrowableCollector.java:23)
	at io.cucumber.core.runtime.CucumberExecutionContext.runTestCase(CucumberExecutionContext.java:151)
	at io.cucumber.testng.TestNGCucumberRunner.runScenario(TestNGCucumberRunner.java:129)
	at io.cucumber.testng.AbstractTestNGCucumberTests.runScenario(AbstractTestNGCucumberTests.java:35)
	at java.base/java.util.ArrayList.forEach(ArrayList.java:1596)
... Removed 32 stack frames</div></td></tr></table><p class="totop"><a href="#summary">back to summary</a></p>
<h3 id="m5">runner.TestRunner#runScenario</h3><table class="result"><tr class="param"><th>Parameter #1</th><th>Parameter #2</th></tr><tr class="param stripe"><td>&quot;Verify user should be displayed the field specific icons&quot;</td><td>&quot;User should be able to submit contact us request&quot;</td></tr><tr><th colspan="2">Exception</th></tr><tr><td colspan="2"><div class="stacktrace">com.microsoft.playwright.PlaywrightException: Error {
  message=&apos;Error: strict mode violation: locator(&quot;//span[@class=&apos;fa fa-phone&apos;]&quot;) resolved to 2 elements:
    1) &lt;span class=&quot;fa fa-phone&quot;&gt;&lt;/span&gt; aka locator(&quot;div:nth-child(3) &gt; .input-group-prepend &gt; #basic-addon1 &gt; .fa&quot;)
    2) &lt;span class=&quot;fa fa-phone&quot;&gt;&lt;/span&gt; aka locator(&quot;p&quot;).filter(new Locator.FilterOptions().setHasText(&quot;012345678901&quot;)).locator(&quot;span&quot;)

  name=&apos;Error
  stack=&apos;Error: Error: strict mode violation: locator(&quot;//span[@class=&apos;fa fa-phone&apos;]&quot;) resolved to 2 elements:
    1) &lt;span class=&quot;fa fa-phone&quot;&gt;&lt;/span&gt; aka locator(&quot;div:nth-child(3) &gt; .input-group-prepend &gt; #basic-addon1 &gt; .fa&quot;)
    2) &lt;span class=&quot;fa fa-phone&quot;&gt;&lt;/span&gt; aka locator(&quot;p&quot;).filter(new Locator.FilterOptions().setHasText(&quot;012345678901&quot;)).locator(&quot;span&quot;)

    at CRExecutionContext.evaluateWithArguments (/private/var/folders/m8/d_ml1jqs5rdf6m9md2pykmkh0000gn/T/playwright-java-4336040391069677089/package/lib/server/chromium/crExecutionContext.js:92:33)
    at async LongStandingScope._race (/private/var/folders/m8/d_ml1jqs5rdf6m9md2pykmkh0000gn/T/playwright-java-4336040391069677089/package/lib/utils/manualPromise.js:96:14)
    at async evaluateExpression (/private/var/folders/m8/d_ml1jqs5rdf6m9md2pykmkh0000gn/T/playwright-java-4336040391069677089/package/lib/server/javascript.js:241:12)
    at async /private/var/folders/m8/d_ml1jqs5rdf6m9md2pykmkh0000gn/T/playwright-java-4336040391069677089/package/lib/server/frames.js:1113:14
    at async ProgressController.run (/private/var/folders/m8/d_ml1jqs5rdf6m9md2pykmkh0000gn/T/playwright-java-4336040391069677089/package/lib/server/progress.js:91:22)
    at async FrameDispatcher.isVisible (/private/var/folders/m8/d_ml1jqs5rdf6m9md2pykmkh0000gn/T/playwright-java-4336040391069677089/package/lib/server/dispatchers/frameDispatcher.js:233:14)
    at async LongStandingScope._race (/private/var/folders/m8/d_ml1jqs5rdf6m9md2pykmkh0000gn/T/playwright-java-4336040391069677089/package/lib/utils/manualPromise.js:96:14)
    at async FrameDispatcher._handleCommand (/private/var/folders/m8/d_ml1jqs5rdf6m9md2pykmkh0000gn/T/playwright-java-4336040391069677089/package/lib/server/dispatchers/dispatcher.js:96:14)
    at async DispatcherConnection.dispatch (/private/var/folders/m8/d_ml1jqs5rdf6m9md2pykmkh0000gn/T/playwright-java-4336040391069677089/package/lib/server/dispatchers/dispatcher.js:362:22)
}
Call log:
-   checking visibility of locator(&quot;//span[@class=&apos;fa fa-phone&apos;]&quot;)

	at com.microsoft.playwright.impl.WaitableResult.get(WaitableResult.java:54)
	at com.microsoft.playwright.impl.ChannelOwner.runUntil(ChannelOwner.java:120)
	at com.microsoft.playwright.impl.Connection.sendMessage(Connection.java:129)
	at com.microsoft.playwright.impl.ChannelOwner.sendMessage(ChannelOwner.java:106)
	at com.microsoft.playwright.impl.FrameImpl.isVisibleImpl(FrameImpl.java:641)
	at com.microsoft.playwright.impl.FrameImpl.lambda$isVisible$29(FrameImpl.java:627)
	at com.microsoft.playwright.impl.LoggingSupport.withLogging(LoggingSupport.java:47)
	at com.microsoft.playwright.impl.ChannelOwner.withLogging(ChannelOwner.java:89)
	at com.microsoft.playwright.impl.FrameImpl.isVisible(FrameImpl.java:627)
	at com.microsoft.playwright.impl.LocatorImpl.isVisible(LocatorImpl.java:391)
	at com.microsoft.playwright.Locator.isVisible(Locator.java:3948)
	at com.test.roku.utils.AssertionUtils.assertPresent(AssertionUtils.java:10)
	at com.test.roku.steps.ContactUsPageAssertions.assertTextBoxIconDisplayed(ContactUsPageAssertions.java:114)
	at com.test.roku.steps.ContactUsSteps.userShouldBeDisplayedIconNextToNameTextBox(ContactUsSteps.java:93)
	at ✽.User should be displayed &quot;phone&quot; next to relevant text box(file:///Users/sanju/Desktop/PlaywightJavaWorkSpace/PlayWrightJavaAutomation/src/test/java/features/contactUs.feature:8)
Caused by: com.microsoft.playwright.impl.DriverException: Error {
  message=&apos;Error: strict mode violation: locator(&quot;//span[@class=&apos;fa fa-phone&apos;]&quot;) resolved to 2 elements:
    1) &lt;span class=&quot;fa fa-phone&quot;&gt;&lt;/span&gt; aka locator(&quot;div:nth-child(3) &gt; .input-group-prepend &gt; #basic-addon1 &gt; .fa&quot;)
    2) &lt;span class=&quot;fa fa-phone&quot;&gt;&lt;/span&gt; aka locator(&quot;p&quot;).filter(new Locator.FilterOptions().setHasText(&quot;012345678901&quot;)).locator(&quot;span&quot;)

  name=&apos;Error
  stack=&apos;Error: Error: strict mode violation: locator(&quot;//span[@class=&apos;fa fa-phone&apos;]&quot;) resolved to 2 elements:
    1) &lt;span class=&quot;fa fa-phone&quot;&gt;&lt;/span&gt; aka locator(&quot;div:nth-child(3) &gt; .input-group-prepend &gt; #basic-addon1 &gt; .fa&quot;)
    2) &lt;span class=&quot;fa fa-phone&quot;&gt;&lt;/span&gt; aka locator(&quot;p&quot;).filter(new Locator.FilterOptions().setHasText(&quot;012345678901&quot;)).locator(&quot;span&quot;)

    at CRExecutionContext.evaluateWithArguments (/private/var/folders/m8/d_ml1jqs5rdf6m9md2pykmkh0000gn/T/playwright-java-4336040391069677089/package/lib/server/chromium/crExecutionContext.js:92:33)
    at async LongStandingScope._race (/private/var/folders/m8/d_ml1jqs5rdf6m9md2pykmkh0000gn/T/playwright-java-4336040391069677089/package/lib/utils/manualPromise.js:96:14)
    at async evaluateExpression (/private/var/folders/m8/d_ml1jqs5rdf6m9md2pykmkh0000gn/T/playwright-java-4336040391069677089/package/lib/server/javascript.js:241:12)
    at async /private/var/folders/m8/d_ml1jqs5rdf6m9md2pykmkh0000gn/T/playwright-java-4336040391069677089/package/lib/server/frames.js:1113:14
    at async ProgressController.run (/private/var/folders/m8/d_ml1jqs5rdf6m9md2pykmkh0000gn/T/playwright-java-4336040391069677089/package/lib/server/progress.js:91:22)
    at async FrameDispatcher.isVisible (/private/var/folders/m8/d_ml1jqs5rdf6m9md2pykmkh0000gn/T/playwright-java-4336040391069677089/package/lib/server/dispatchers/frameDispatcher.js:233:14)
    at async LongStandingScope._race (/private/var/folders/m8/d_ml1jqs5rdf6m9md2pykmkh0000gn/T/playwright-java-4336040391069677089/package/lib/utils/manualPromise.js:96:14)
    at async FrameDispatcher._handleCommand (/private/var/folders/m8/d_ml1jqs5rdf6m9md2pykmkh0000gn/T/playwright-java-4336040391069677089/package/lib/server/dispatchers/dispatcher.js:96:14)
    at async DispatcherConnection.dispatch (/private/var/folders/m8/d_ml1jqs5rdf6m9md2pykmkh0000gn/T/playwright-java-4336040391069677089/package/lib/server/dispatchers/dispatcher.js:362:22)
}
Call log:
-   checking visibility of locator(&quot;//span[@class=&apos;fa fa-phone&apos;]&quot;)

	at com.microsoft.playwright.impl.Connection.dispatch(Connection.java:259)
	at com.microsoft.playwright.impl.Connection.processOneMessage(Connection.java:209)
	at com.microsoft.playwright.impl.ChannelOwner.runUntil(ChannelOwner.java:118)
	at com.microsoft.playwright.impl.Connection.sendMessage(Connection.java:129)
	at com.microsoft.playwright.impl.ChannelOwner.sendMessage(ChannelOwner.java:106)
	at com.microsoft.playwright.impl.FrameImpl.isVisibleImpl(FrameImpl.java:641)
	at com.microsoft.playwright.impl.FrameImpl.lambda$isVisible$29(FrameImpl.java:627)
	at com.microsoft.playwright.impl.LoggingSupport.withLogging(LoggingSupport.java:47)
	at com.microsoft.playwright.impl.ChannelOwner.withLogging(ChannelOwner.java:89)
	at com.microsoft.playwright.impl.FrameImpl.isVisible(FrameImpl.java:627)
	at com.microsoft.playwright.impl.LocatorImpl.isVisible(LocatorImpl.java:391)
	at com.microsoft.playwright.Locator.isVisible(Locator.java:3948)
	at com.test.roku.utils.AssertionUtils.assertPresent(AssertionUtils.java:10)
	at com.test.roku.steps.ContactUsPageAssertions.assertTextBoxIconDisplayed(ContactUsPageAssertions.java:114)
	at com.test.roku.steps.ContactUsSteps.userShouldBeDisplayedIconNextToNameTextBox(ContactUsSteps.java:93)
	at io.cucumber.java.Invoker.doInvoke(Invoker.java:66)
	at io.cucumber.java.Invoker.invoke(Invoker.java:24)
	at io.cucumber.java.AbstractGlueDefinition.invokeMethod(AbstractGlueDefinition.java:47)
	at io.cucumber.java.JavaStepDefinition.execute(JavaStepDefinition.java:29)
	at io.cucumber.core.runner.CoreStepDefinition.execute(CoreStepDefinition.java:66)
	at io.cucumber.core.runner.PickleStepDefinitionMatch.runStep(PickleStepDefinitionMatch.java:63)
	at io.cucumber.core.runner.ExecutionMode$1.execute(ExecutionMode.java:10)
	at io.cucumber.core.runner.TestStep.executeStep(TestStep.java:86)
	at io.cucumber.core.runner.TestStep.run(TestStep.java:57)
	at io.cucumber.core.runner.PickleStepTestStep.run(PickleStepTestStep.java:51)
	at io.cucumber.core.runner.TestCase.run(TestCase.java:95)
	at io.cucumber.core.runner.Runner.runPickle(Runner.java:75)
	at io.cucumber.testng.TestNGCucumberRunner.lambda$runScenario$1(TestNGCucumberRunner.java:132)
	at io.cucumber.core.runtime.CucumberExecutionContext.lambda$runTestCase$3(CucumberExecutionContext.java:151)
	at io.cucumber.core.runtime.RethrowingThrowableCollector.executeAndThrow(RethrowingThrowableCollector.java:23)
	at io.cucumber.core.runtime.CucumberExecutionContext.runTestCase(CucumberExecutionContext.java:151)
	at io.cucumber.testng.TestNGCucumberRunner.runScenario(TestNGCucumberRunner.java:129)
	at io.cucumber.testng.AbstractTestNGCucumberTests.runScenario(AbstractTestNGCucumberTests.java:35)
	at java.base/java.util.ArrayList.forEach(ArrayList.java:1596)
... Removed 32 stack frames</div></td></tr></table><p class="totop"><a href="#summary">back to summary</a></p>
<h3 id="m6">runner.TestRunner#runScenario</h3><table class="result"><tr class="param"><th>Parameter #1</th><th>Parameter #2</th></tr><tr class="param stripe"><td>&quot;Verify user should be displayed the message filed caption&quot;</td><td>&quot;User should be able to submit contact us request&quot;</td></tr><tr><th colspan="2">Exception</th></tr><tr><td colspan="2"><div class="stacktrace">com.microsoft.playwright.PlaywrightException: Error {
  message=&apos;Error: strict mode violation: locator(&quot;//span[@class=&apos;input-group-text&apos;]&quot;) resolved to 5 elements:
    1) &lt;span id=&quot;basic-addon1&quot; class=&quot;input-group-text&quot;&gt;…&lt;/span&gt; aka locator(&quot;#basic-addon1&quot;).first()
    2) &lt;span id=&quot;basic-addon1&quot; class=&quot;input-group-text&quot;&gt;…&lt;/span&gt; aka locator(&quot;#basic-addon1&quot;).nth(1)
    3) &lt;span id=&quot;basic-addon1&quot; class=&quot;input-group-text&quot;&gt;…&lt;/span&gt; aka locator(&quot;#basic-addon1&quot;).nth(2)
    4) &lt;span id=&quot;basic-addon1&quot; class=&quot;input-group-text&quot;&gt;…&lt;/span&gt; aka locator(&quot;#basic-addon1&quot;).nth(3)
    5) &lt;span class=&quot;input-group-text&quot;&gt;Message&lt;/span&gt; aka getByText(&quot;Message&quot;)

  name=&apos;Error
  stack=&apos;Error: Error: strict mode violation: locator(&quot;//span[@class=&apos;input-group-text&apos;]&quot;) resolved to 5 elements:
    1) &lt;span id=&quot;basic-addon1&quot; class=&quot;input-group-text&quot;&gt;…&lt;/span&gt; aka locator(&quot;#basic-addon1&quot;).first()
    2) &lt;span id=&quot;basic-addon1&quot; class=&quot;input-group-text&quot;&gt;…&lt;/span&gt; aka locator(&quot;#basic-addon1&quot;).nth(1)
    3) &lt;span id=&quot;basic-addon1&quot; class=&quot;input-group-text&quot;&gt;…&lt;/span&gt; aka locator(&quot;#basic-addon1&quot;).nth(2)
    4) &lt;span id=&quot;basic-addon1&quot; class=&quot;input-group-text&quot;&gt;…&lt;/span&gt; aka locator(&quot;#basic-addon1&quot;).nth(3)
    5) &lt;span class=&quot;input-group-text&quot;&gt;Message&lt;/span&gt; aka getByText(&quot;Message&quot;)

    at CRExecutionContext.evaluateWithArguments (/private/var/folders/m8/d_ml1jqs5rdf6m9md2pykmkh0000gn/T/playwright-java-4336040391069677089/package/lib/server/chromium/crExecutionContext.js:92:33)
    at async LongStandingScope._race (/private/var/folders/m8/d_ml1jqs5rdf6m9md2pykmkh0000gn/T/playwright-java-4336040391069677089/package/lib/utils/manualPromise.js:96:14)
    at async evaluateExpression (/private/var/folders/m8/d_ml1jqs5rdf6m9md2pykmkh0000gn/T/playwright-java-4336040391069677089/package/lib/server/javascript.js:241:12)
    at async /private/var/folders/m8/d_ml1jqs5rdf6m9md2pykmkh0000gn/T/playwright-java-4336040391069677089/package/lib/server/frames.js:1113:14
    at async ProgressController.run (/private/var/folders/m8/d_ml1jqs5rdf6m9md2pykmkh0000gn/T/playwright-java-4336040391069677089/package/lib/server/progress.js:91:22)
    at async FrameDispatcher.isVisible (/private/var/folders/m8/d_ml1jqs5rdf6m9md2pykmkh0000gn/T/playwright-java-4336040391069677089/package/lib/server/dispatchers/frameDispatcher.js:233:14)
    at async LongStandingScope._race (/private/var/folders/m8/d_ml1jqs5rdf6m9md2pykmkh0000gn/T/playwright-java-4336040391069677089/package/lib/utils/manualPromise.js:96:14)
    at async FrameDispatcher._handleCommand (/private/var/folders/m8/d_ml1jqs5rdf6m9md2pykmkh0000gn/T/playwright-java-4336040391069677089/package/lib/server/dispatchers/dispatcher.js:96:14)
    at async DispatcherConnection.dispatch (/private/var/folders/m8/d_ml1jqs5rdf6m9md2pykmkh0000gn/T/playwright-java-4336040391069677089/package/lib/server/dispatchers/dispatcher.js:362:22)
}
Call log:
-   checking visibility of locator(&quot;//span[@class=&apos;input-group-text&apos;]&quot;)

	at com.microsoft.playwright.impl.WaitableResult.get(WaitableResult.java:54)
	at com.microsoft.playwright.impl.ChannelOwner.runUntil(ChannelOwner.java:120)
	at com.microsoft.playwright.impl.Connection.sendMessage(Connection.java:129)
	at com.microsoft.playwright.impl.ChannelOwner.sendMessage(ChannelOwner.java:106)
	at com.microsoft.playwright.impl.FrameImpl.isVisibleImpl(FrameImpl.java:641)
	at com.microsoft.playwright.impl.FrameImpl.lambda$isVisible$29(FrameImpl.java:627)
	at com.microsoft.playwright.impl.LoggingSupport.withLogging(LoggingSupport.java:47)
	at com.microsoft.playwright.impl.ChannelOwner.withLogging(ChannelOwner.java:89)
	at com.microsoft.playwright.impl.FrameImpl.isVisible(FrameImpl.java:627)
	at com.microsoft.playwright.impl.LocatorImpl.isVisible(LocatorImpl.java:391)
	at com.microsoft.playwright.Locator.isVisible(Locator.java:3948)
	at com.test.roku.utils.AssertionUtils.assertPresent(AssertionUtils.java:10)
	at com.test.roku.steps.ContactUsPageAssertions.assertMessageBoxCaptionDisplayed(ContactUsPageAssertions.java:149)
	at com.test.roku.steps.ContactUsSteps.userShouldBeDisplayedMessageCaptionNextToMessageTextArea(ContactUsSteps.java:103)
	at ✽.User should be displayed message caption next to message text area(file:///Users/sanju/Desktop/PlaywightJavaWorkSpace/PlayWrightJavaAutomation/src/test/java/features/contactUs.feature:18)
Caused by: com.microsoft.playwright.impl.DriverException: Error {
  message=&apos;Error: strict mode violation: locator(&quot;//span[@class=&apos;input-group-text&apos;]&quot;) resolved to 5 elements:
    1) &lt;span id=&quot;basic-addon1&quot; class=&quot;input-group-text&quot;&gt;…&lt;/span&gt; aka locator(&quot;#basic-addon1&quot;).first()
    2) &lt;span id=&quot;basic-addon1&quot; class=&quot;input-group-text&quot;&gt;…&lt;/span&gt; aka locator(&quot;#basic-addon1&quot;).nth(1)
    3) &lt;span id=&quot;basic-addon1&quot; class=&quot;input-group-text&quot;&gt;…&lt;/span&gt; aka locator(&quot;#basic-addon1&quot;).nth(2)
    4) &lt;span id=&quot;basic-addon1&quot; class=&quot;input-group-text&quot;&gt;…&lt;/span&gt; aka locator(&quot;#basic-addon1&quot;).nth(3)
    5) &lt;span class=&quot;input-group-text&quot;&gt;Message&lt;/span&gt; aka getByText(&quot;Message&quot;)

  name=&apos;Error
  stack=&apos;Error: Error: strict mode violation: locator(&quot;//span[@class=&apos;input-group-text&apos;]&quot;) resolved to 5 elements:
    1) &lt;span id=&quot;basic-addon1&quot; class=&quot;input-group-text&quot;&gt;…&lt;/span&gt; aka locator(&quot;#basic-addon1&quot;).first()
    2) &lt;span id=&quot;basic-addon1&quot; class=&quot;input-group-text&quot;&gt;…&lt;/span&gt; aka locator(&quot;#basic-addon1&quot;).nth(1)
    3) &lt;span id=&quot;basic-addon1&quot; class=&quot;input-group-text&quot;&gt;…&lt;/span&gt; aka locator(&quot;#basic-addon1&quot;).nth(2)
    4) &lt;span id=&quot;basic-addon1&quot; class=&quot;input-group-text&quot;&gt;…&lt;/span&gt; aka locator(&quot;#basic-addon1&quot;).nth(3)
    5) &lt;span class=&quot;input-group-text&quot;&gt;Message&lt;/span&gt; aka getByText(&quot;Message&quot;)

    at CRExecutionContext.evaluateWithArguments (/private/var/folders/m8/d_ml1jqs5rdf6m9md2pykmkh0000gn/T/playwright-java-4336040391069677089/package/lib/server/chromium/crExecutionContext.js:92:33)
    at async LongStandingScope._race (/private/var/folders/m8/d_ml1jqs5rdf6m9md2pykmkh0000gn/T/playwright-java-4336040391069677089/package/lib/utils/manualPromise.js:96:14)
    at async evaluateExpression (/private/var/folders/m8/d_ml1jqs5rdf6m9md2pykmkh0000gn/T/playwright-java-4336040391069677089/package/lib/server/javascript.js:241:12)
    at async /private/var/folders/m8/d_ml1jqs5rdf6m9md2pykmkh0000gn/T/playwright-java-4336040391069677089/package/lib/server/frames.js:1113:14
    at async ProgressController.run (/private/var/folders/m8/d_ml1jqs5rdf6m9md2pykmkh0000gn/T/playwright-java-4336040391069677089/package/lib/server/progress.js:91:22)
    at async FrameDispatcher.isVisible (/private/var/folders/m8/d_ml1jqs5rdf6m9md2pykmkh0000gn/T/playwright-java-4336040391069677089/package/lib/server/dispatchers/frameDispatcher.js:233:14)
    at async LongStandingScope._race (/private/var/folders/m8/d_ml1jqs5rdf6m9md2pykmkh0000gn/T/playwright-java-4336040391069677089/package/lib/utils/manualPromise.js:96:14)
    at async FrameDispatcher._handleCommand (/private/var/folders/m8/d_ml1jqs5rdf6m9md2pykmkh0000gn/T/playwright-java-4336040391069677089/package/lib/server/dispatchers/dispatcher.js:96:14)
    at async DispatcherConnection.dispatch (/private/var/folders/m8/d_ml1jqs5rdf6m9md2pykmkh0000gn/T/playwright-java-4336040391069677089/package/lib/server/dispatchers/dispatcher.js:362:22)
}
Call log:
-   checking visibility of locator(&quot;//span[@class=&apos;input-group-text&apos;]&quot;)

	at com.microsoft.playwright.impl.Connection.dispatch(Connection.java:259)
	at com.microsoft.playwright.impl.Connection.processOneMessage(Connection.java:209)
	at com.microsoft.playwright.impl.ChannelOwner.runUntil(ChannelOwner.java:118)
	at com.microsoft.playwright.impl.Connection.sendMessage(Connection.java:129)
	at com.microsoft.playwright.impl.ChannelOwner.sendMessage(ChannelOwner.java:106)
	at com.microsoft.playwright.impl.FrameImpl.isVisibleImpl(FrameImpl.java:641)
	at com.microsoft.playwright.impl.FrameImpl.lambda$isVisible$29(FrameImpl.java:627)
	at com.microsoft.playwright.impl.LoggingSupport.withLogging(LoggingSupport.java:47)
	at com.microsoft.playwright.impl.ChannelOwner.withLogging(ChannelOwner.java:89)
	at com.microsoft.playwright.impl.FrameImpl.isVisible(FrameImpl.java:627)
	at com.microsoft.playwright.impl.LocatorImpl.isVisible(LocatorImpl.java:391)
	at com.microsoft.playwright.Locator.isVisible(Locator.java:3948)
	at com.test.roku.utils.AssertionUtils.assertPresent(AssertionUtils.java:10)
	at com.test.roku.steps.ContactUsPageAssertions.assertMessageBoxCaptionDisplayed(ContactUsPageAssertions.java:149)
	at com.test.roku.steps.ContactUsSteps.userShouldBeDisplayedMessageCaptionNextToMessageTextArea(ContactUsSteps.java:103)
	at io.cucumber.java.Invoker.doInvoke(Invoker.java:66)
	at io.cucumber.java.Invoker.invoke(Invoker.java:24)
	at io.cucumber.java.AbstractGlueDefinition.invokeMethod(AbstractGlueDefinition.java:47)
	at io.cucumber.java.JavaStepDefinition.execute(JavaStepDefinition.java:29)
	at io.cucumber.core.runner.CoreStepDefinition.execute(CoreStepDefinition.java:66)
	at io.cucumber.core.runner.PickleStepDefinitionMatch.runStep(PickleStepDefinitionMatch.java:63)
	at io.cucumber.core.runner.ExecutionMode$1.execute(ExecutionMode.java:10)
	at io.cucumber.core.runner.TestStep.executeStep(TestStep.java:86)
	at io.cucumber.core.runner.TestStep.run(TestStep.java:57)
	at io.cucumber.core.runner.PickleStepTestStep.run(PickleStepTestStep.java:51)
	at io.cucumber.core.runner.TestCase.run(TestCase.java:95)
	at io.cucumber.core.runner.Runner.runPickle(Runner.java:75)
	at io.cucumber.testng.TestNGCucumberRunner.lambda$runScenario$1(TestNGCucumberRunner.java:132)
	at io.cucumber.core.runtime.CucumberExecutionContext.lambda$runTestCase$3(CucumberExecutionContext.java:151)
	at io.cucumber.core.runtime.RethrowingThrowableCollector.executeAndThrow(RethrowingThrowableCollector.java:23)
	at io.cucumber.core.runtime.CucumberExecutionContext.runTestCase(CucumberExecutionContext.java:151)
	at io.cucumber.testng.TestNGCucumberRunner.runScenario(TestNGCucumberRunner.java:129)
	at io.cucumber.testng.AbstractTestNGCucumberTests.runScenario(AbstractTestNGCucumberTests.java:35)
	at java.base/java.util.ArrayList.forEach(ArrayList.java:1596)
... Removed 32 stack frames</div></td></tr></table><p class="totop"><a href="#summary">back to summary</a></p>
<h3 id="m7">runner.TestRunner#runScenario</h3><table class="result"><tr class="param"><th>Parameter #1</th><th>Parameter #2</th></tr><tr class="param stripe"><td>&quot;Verify user should not be able to submit invalid Phone Number : &quot;+76 726374627642&quot;&quot;</td><td>&quot;User should be able to submit contact us request&quot;</td></tr><tr><th colspan="2">Exception</th></tr><tr><td colspan="2"><div class="stacktrace">com.microsoft.playwright.TimeoutError: Error {
  message=&apos;Timeout 30000ms exceeded.
  name=&apos;TimeoutError
  stack=&apos;TimeoutError: Timeout 30000ms exceeded.
    at ProgressController.run (/private/var/folders/m8/d_ml1jqs5rdf6m9md2pykmkh0000gn/T/playwright-java-4336040391069677089/package/lib/server/progress.js:87:26)
    at Frame._callOnElementOnceMatches (/private/var/folders/m8/d_ml1jqs5rdf6m9md2pykmkh0000gn/T/playwright-java-4336040391069677089/package/lib/server/frames.js:1399:23)
    at Frame.textContent (/private/var/folders/m8/d_ml1jqs5rdf6m9md2pykmkh0000gn/T/playwright-java-4336040391069677089/package/lib/server/frames.js:1056:17)
    at FrameDispatcher.textContent (/private/var/folders/m8/d_ml1jqs5rdf6m9md2pykmkh0000gn/T/playwright-java-4336040391069677089/package/lib/server/dispatchers/frameDispatcher.js:179:37)
    at FrameDispatcher._handleCommand (/private/var/folders/m8/d_ml1jqs5rdf6m9md2pykmkh0000gn/T/playwright-java-4336040391069677089/package/lib/server/dispatchers/dispatcher.js:94:40)
    at DispatcherConnection.dispatch (/private/var/folders/m8/d_ml1jqs5rdf6m9md2pykmkh0000gn/T/playwright-java-4336040391069677089/package/lib/server/dispatchers/dispatcher.js:362:39)
}
Call log:
- waiting for locator(&quot;.alert&quot;)

	at com.microsoft.playwright.impl.WaitableResult.get(WaitableResult.java:52)
	at com.microsoft.playwright.impl.ChannelOwner.runUntil(ChannelOwner.java:120)
	at com.microsoft.playwright.impl.Connection.sendMessage(Connection.java:129)
	at com.microsoft.playwright.impl.ChannelOwner.sendMessage(ChannelOwner.java:106)
	at com.microsoft.playwright.impl.FrameImpl.textContentImpl(FrameImpl.java:818)
	at com.microsoft.playwright.impl.FrameImpl.lambda$textContent$38(FrameImpl.java:809)
	at com.microsoft.playwright.impl.LoggingSupport.withLogging(LoggingSupport.java:47)
	at com.microsoft.playwright.impl.ChannelOwner.withLogging(ChannelOwner.java:89)
	at com.microsoft.playwright.impl.FrameImpl.textContent(FrameImpl.java:809)
	at com.microsoft.playwright.impl.LocatorImpl.textContent(LocatorImpl.java:566)
	at com.microsoft.playwright.Locator.textContent(Locator.java:5090)
	at com.test.roku.utils.AssertionUtils.assertEquals(AssertionUtils.java:15)
	at com.test.roku.steps.ContactUsPageAssertions.assertErrorDisplayedForInvalidFormat(ContactUsPageAssertions.java:168)
	at com.test.roku.steps.ContactUsSteps.userShouldBeDisplayedInvalidFormatErrorMessage(ContactUsSteps.java:141)
	at ✽.User should be displayed invalid &quot;Phone&quot; format error message(file:///Users/sanju/Desktop/PlaywightJavaWorkSpace/PlayWrightJavaAutomation/src/test/java/features/contactUs.feature:87)
Caused by: com.microsoft.playwright.TimeoutError: Error {
  message=&apos;Timeout 30000ms exceeded.
  name=&apos;TimeoutError
  stack=&apos;TimeoutError: Timeout 30000ms exceeded.
    at ProgressController.run (/private/var/folders/m8/d_ml1jqs5rdf6m9md2pykmkh0000gn/T/playwright-java-4336040391069677089/package/lib/server/progress.js:87:26)
    at Frame._callOnElementOnceMatches (/private/var/folders/m8/d_ml1jqs5rdf6m9md2pykmkh0000gn/T/playwright-java-4336040391069677089/package/lib/server/frames.js:1399:23)
    at Frame.textContent (/private/var/folders/m8/d_ml1jqs5rdf6m9md2pykmkh0000gn/T/playwright-java-4336040391069677089/package/lib/server/frames.js:1056:17)
    at FrameDispatcher.textContent (/private/var/folders/m8/d_ml1jqs5rdf6m9md2pykmkh0000gn/T/playwright-java-4336040391069677089/package/lib/server/dispatchers/frameDispatcher.js:179:37)
    at FrameDispatcher._handleCommand (/private/var/folders/m8/d_ml1jqs5rdf6m9md2pykmkh0000gn/T/playwright-java-4336040391069677089/package/lib/server/dispatchers/dispatcher.js:94:40)
    at DispatcherConnection.dispatch (/private/var/folders/m8/d_ml1jqs5rdf6m9md2pykmkh0000gn/T/playwright-java-4336040391069677089/package/lib/server/dispatchers/dispatcher.js:362:39)
}
Call log:
- waiting for locator(&quot;.alert&quot;)

	at com.microsoft.playwright.impl.Connection.dispatch(Connection.java:254)
	at com.microsoft.playwright.impl.Connection.processOneMessage(Connection.java:209)
	at com.microsoft.playwright.impl.ChannelOwner.runUntil(ChannelOwner.java:118)
	at com.microsoft.playwright.impl.Connection.sendMessage(Connection.java:129)
	at com.microsoft.playwright.impl.ChannelOwner.sendMessage(ChannelOwner.java:106)
	at com.microsoft.playwright.impl.FrameImpl.textContentImpl(FrameImpl.java:818)
	at com.microsoft.playwright.impl.FrameImpl.lambda$textContent$38(FrameImpl.java:809)
	at com.microsoft.playwright.impl.LoggingSupport.withLogging(LoggingSupport.java:47)
	at com.microsoft.playwright.impl.ChannelOwner.withLogging(ChannelOwner.java:89)
	at com.microsoft.playwright.impl.FrameImpl.textContent(FrameImpl.java:809)
	at com.microsoft.playwright.impl.LocatorImpl.textContent(LocatorImpl.java:566)
	at com.microsoft.playwright.Locator.textContent(Locator.java:5090)
	at com.test.roku.utils.AssertionUtils.assertEquals(AssertionUtils.java:15)
	at com.test.roku.steps.ContactUsPageAssertions.assertErrorDisplayedForInvalidFormat(ContactUsPageAssertions.java:168)
	at com.test.roku.steps.ContactUsSteps.userShouldBeDisplayedInvalidFormatErrorMessage(ContactUsSteps.java:141)
	at io.cucumber.java.Invoker.doInvoke(Invoker.java:66)
	at io.cucumber.java.Invoker.invoke(Invoker.java:24)
	at io.cucumber.java.AbstractGlueDefinition.invokeMethod(AbstractGlueDefinition.java:47)
	at io.cucumber.java.JavaStepDefinition.execute(JavaStepDefinition.java:29)
	at io.cucumber.core.runner.CoreStepDefinition.execute(CoreStepDefinition.java:66)
	at io.cucumber.core.runner.PickleStepDefinitionMatch.runStep(PickleStepDefinitionMatch.java:63)
	at io.cucumber.core.runner.ExecutionMode$1.execute(ExecutionMode.java:10)
	at io.cucumber.core.runner.TestStep.executeStep(TestStep.java:86)
	at io.cucumber.core.runner.TestStep.run(TestStep.java:57)
	at io.cucumber.core.runner.PickleStepTestStep.run(PickleStepTestStep.java:51)
	at io.cucumber.core.runner.TestCase.run(TestCase.java:95)
	at io.cucumber.core.runner.Runner.runPickle(Runner.java:75)
	at io.cucumber.testng.TestNGCucumberRunner.lambda$runScenario$1(TestNGCucumberRunner.java:132)
	at io.cucumber.core.runtime.CucumberExecutionContext.lambda$runTestCase$3(CucumberExecutionContext.java:151)
	at io.cucumber.core.runtime.RethrowingThrowableCollector.executeAndThrow(RethrowingThrowableCollector.java:23)
	at io.cucumber.core.runtime.CucumberExecutionContext.runTestCase(CucumberExecutionContext.java:151)
	at io.cucumber.testng.TestNGCucumberRunner.runScenario(TestNGCucumberRunner.java:129)
	at io.cucumber.testng.AbstractTestNGCucumberTests.runScenario(AbstractTestNGCucumberTests.java:35)
	at java.base/java.util.ArrayList.forEach(ArrayList.java:1596)
... Removed 32 stack frames</div></td></tr></table><p class="totop"><a href="#summary">back to summary</a></p>
<h3 id="m8">runner.TestRunner#runScenario</h3><table class="result"><tr class="param"><th>Parameter #1</th><th>Parameter #2</th></tr><tr class="param stripe"><td>&quot;Verify user should see error message with invalid information&quot;</td><td>&quot;User should be able to submit contact us request&quot;</td></tr><tr><th colspan="2">Exception</th></tr><tr><td colspan="2"><div class="stacktrace">java.lang.AssertionError: Element Phone may not be blankSubject may not be blankName may not be blankMessage must be between 20 and 2000 characters.Message may not be blankSubject must be between 5 and 100 characters.Email may not be blankPhone must be between 11 and 21 characters. should be displayed !!! expected [true] but found [false]
	at com.test.roku.utils.AssertionUtils.assertPresent(AssertionUtils.java:10)
	at com.test.roku.steps.ContactUsPageAssertions.assertErrorMsgContainerDisplayed(ContactUsPageAssertions.java:58)
	at com.test.roku.steps.ContactUsSteps.userShouldBeDisplayedErrorMessage(ContactUsSteps.java:58)
	at ✽.User should be displayed error message(file:///Users/sanju/Desktop/PlaywightJavaWorkSpace/PlayWrightJavaAutomation/src/test/java/features/contactUs.feature:41)
... Removed 3 stack frames</div></td></tr></table><p class="totop"><a href="#summary">back to summary</a></p>
<h3 id="m9">runner.TestRunner#runScenario</h3><table class="result"><tr class="param"><th>Parameter #1</th><th>Parameter #2</th></tr><tr class="param stripe"><td>&quot;Verify user should not be able to submit invalid Phone Number : &quot;+76726374627642&quot;&quot;</td><td>&quot;User should be able to submit contact us request&quot;</td></tr><tr><th colspan="2">Exception</th></tr><tr><td colspan="2"><div class="stacktrace">com.microsoft.playwright.TimeoutError: Error {
  message=&apos;Timeout 30000ms exceeded.
  name=&apos;TimeoutError
  stack=&apos;TimeoutError: Timeout 30000ms exceeded.
    at ProgressController.run (/private/var/folders/m8/d_ml1jqs5rdf6m9md2pykmkh0000gn/T/playwright-java-4336040391069677089/package/lib/server/progress.js:87:26)
    at Frame._callOnElementOnceMatches (/private/var/folders/m8/d_ml1jqs5rdf6m9md2pykmkh0000gn/T/playwright-java-4336040391069677089/package/lib/server/frames.js:1399:23)
    at Frame.textContent (/private/var/folders/m8/d_ml1jqs5rdf6m9md2pykmkh0000gn/T/playwright-java-4336040391069677089/package/lib/server/frames.js:1056:17)
    at FrameDispatcher.textContent (/private/var/folders/m8/d_ml1jqs5rdf6m9md2pykmkh0000gn/T/playwright-java-4336040391069677089/package/lib/server/dispatchers/frameDispatcher.js:179:37)
    at FrameDispatcher._handleCommand (/private/var/folders/m8/d_ml1jqs5rdf6m9md2pykmkh0000gn/T/playwright-java-4336040391069677089/package/lib/server/dispatchers/dispatcher.js:94:40)
    at DispatcherConnection.dispatch (/private/var/folders/m8/d_ml1jqs5rdf6m9md2pykmkh0000gn/T/playwright-java-4336040391069677089/package/lib/server/dispatchers/dispatcher.js:362:39)
}
Call log:
- waiting for locator(&quot;.alert&quot;)

	at com.microsoft.playwright.impl.WaitableResult.get(WaitableResult.java:52)
	at com.microsoft.playwright.impl.ChannelOwner.runUntil(ChannelOwner.java:120)
	at com.microsoft.playwright.impl.Connection.sendMessage(Connection.java:129)
	at com.microsoft.playwright.impl.ChannelOwner.sendMessage(ChannelOwner.java:106)
	at com.microsoft.playwright.impl.FrameImpl.textContentImpl(FrameImpl.java:818)
	at com.microsoft.playwright.impl.FrameImpl.lambda$textContent$38(FrameImpl.java:809)
	at com.microsoft.playwright.impl.LoggingSupport.withLogging(LoggingSupport.java:47)
	at com.microsoft.playwright.impl.ChannelOwner.withLogging(ChannelOwner.java:89)
	at com.microsoft.playwright.impl.FrameImpl.textContent(FrameImpl.java:809)
	at com.microsoft.playwright.impl.LocatorImpl.textContent(LocatorImpl.java:566)
	at com.microsoft.playwright.Locator.textContent(Locator.java:5090)
	at com.test.roku.utils.AssertionUtils.assertEquals(AssertionUtils.java:15)
	at com.test.roku.steps.ContactUsPageAssertions.assertErrorDisplayedForInvalidFormat(ContactUsPageAssertions.java:168)
	at com.test.roku.steps.ContactUsSteps.userShouldBeDisplayedInvalidFormatErrorMessage(ContactUsSteps.java:141)
	at ✽.User should be displayed invalid &quot;Phone&quot; format error message(file:///Users/sanju/Desktop/PlaywightJavaWorkSpace/PlayWrightJavaAutomation/src/test/java/features/contactUs.feature:87)
Caused by: com.microsoft.playwright.TimeoutError: Error {
  message=&apos;Timeout 30000ms exceeded.
  name=&apos;TimeoutError
  stack=&apos;TimeoutError: Timeout 30000ms exceeded.
    at ProgressController.run (/private/var/folders/m8/d_ml1jqs5rdf6m9md2pykmkh0000gn/T/playwright-java-4336040391069677089/package/lib/server/progress.js:87:26)
    at Frame._callOnElementOnceMatches (/private/var/folders/m8/d_ml1jqs5rdf6m9md2pykmkh0000gn/T/playwright-java-4336040391069677089/package/lib/server/frames.js:1399:23)
    at Frame.textContent (/private/var/folders/m8/d_ml1jqs5rdf6m9md2pykmkh0000gn/T/playwright-java-4336040391069677089/package/lib/server/frames.js:1056:17)
    at FrameDispatcher.textContent (/private/var/folders/m8/d_ml1jqs5rdf6m9md2pykmkh0000gn/T/playwright-java-4336040391069677089/package/lib/server/dispatchers/frameDispatcher.js:179:37)
    at FrameDispatcher._handleCommand (/private/var/folders/m8/d_ml1jqs5rdf6m9md2pykmkh0000gn/T/playwright-java-4336040391069677089/package/lib/server/dispatchers/dispatcher.js:94:40)
    at DispatcherConnection.dispatch (/private/var/folders/m8/d_ml1jqs5rdf6m9md2pykmkh0000gn/T/playwright-java-4336040391069677089/package/lib/server/dispatchers/dispatcher.js:362:39)
}
Call log:
- waiting for locator(&quot;.alert&quot;)

	at com.microsoft.playwright.impl.Connection.dispatch(Connection.java:254)
	at com.microsoft.playwright.impl.Connection.processOneMessage(Connection.java:209)
	at com.microsoft.playwright.impl.ChannelOwner.runUntil(ChannelOwner.java:118)
	at com.microsoft.playwright.impl.Connection.sendMessage(Connection.java:129)
	at com.microsoft.playwright.impl.ChannelOwner.sendMessage(ChannelOwner.java:106)
	at com.microsoft.playwright.impl.FrameImpl.textContentImpl(FrameImpl.java:818)
	at com.microsoft.playwright.impl.FrameImpl.lambda$textContent$38(FrameImpl.java:809)
	at com.microsoft.playwright.impl.LoggingSupport.withLogging(LoggingSupport.java:47)
	at com.microsoft.playwright.impl.ChannelOwner.withLogging(ChannelOwner.java:89)
	at com.microsoft.playwright.impl.FrameImpl.textContent(FrameImpl.java:809)
	at com.microsoft.playwright.impl.LocatorImpl.textContent(LocatorImpl.java:566)
	at com.microsoft.playwright.Locator.textContent(Locator.java:5090)
	at com.test.roku.utils.AssertionUtils.assertEquals(AssertionUtils.java:15)
	at com.test.roku.steps.ContactUsPageAssertions.assertErrorDisplayedForInvalidFormat(ContactUsPageAssertions.java:168)
	at com.test.roku.steps.ContactUsSteps.userShouldBeDisplayedInvalidFormatErrorMessage(ContactUsSteps.java:141)
	at io.cucumber.java.Invoker.doInvoke(Invoker.java:66)
	at io.cucumber.java.Invoker.invoke(Invoker.java:24)
	at io.cucumber.java.AbstractGlueDefinition.invokeMethod(AbstractGlueDefinition.java:47)
	at io.cucumber.java.JavaStepDefinition.execute(JavaStepDefinition.java:29)
	at io.cucumber.core.runner.CoreStepDefinition.execute(CoreStepDefinition.java:66)
	at io.cucumber.core.runner.PickleStepDefinitionMatch.runStep(PickleStepDefinitionMatch.java:63)
	at io.cucumber.core.runner.ExecutionMode$1.execute(ExecutionMode.java:10)
	at io.cucumber.core.runner.TestStep.executeStep(TestStep.java:86)
	at io.cucumber.core.runner.TestStep.run(TestStep.java:57)
	at io.cucumber.core.runner.PickleStepTestStep.run(PickleStepTestStep.java:51)
	at io.cucumber.core.runner.TestCase.run(TestCase.java:95)
	at io.cucumber.core.runner.Runner.runPickle(Runner.java:75)
	at io.cucumber.testng.TestNGCucumberRunner.lambda$runScenario$1(TestNGCucumberRunner.java:132)
	at io.cucumber.core.runtime.CucumberExecutionContext.lambda$runTestCase$3(CucumberExecutionContext.java:151)
	at io.cucumber.core.runtime.RethrowingThrowableCollector.executeAndThrow(RethrowingThrowableCollector.java:23)
	at io.cucumber.core.runtime.CucumberExecutionContext.runTestCase(CucumberExecutionContext.java:151)
	at io.cucumber.testng.TestNGCucumberRunner.runScenario(TestNGCucumberRunner.java:129)
	at io.cucumber.testng.AbstractTestNGCucumberTests.runScenario(AbstractTestNGCucumberTests.java:35)
	at java.base/java.util.ArrayList.forEach(ArrayList.java:1596)
... Removed 32 stack frames</div></td></tr></table><p class="totop"><a href="#summary">back to summary</a></p>
<h3 id="m10">runner.TestRunner#runScenario</h3><table class="result"><tr class="param"><th>Parameter #1</th><th>Parameter #2</th></tr><tr class="param stripe"><td>&quot;Verify user should not be able to submit invalid Phone Number : &quot;stringAsPhoneNumber&quot;&quot;</td><td>&quot;User should be able to submit contact us request&quot;</td></tr><tr><th colspan="2">Exception</th></tr><tr><td colspan="2"><div class="stacktrace">com.microsoft.playwright.TimeoutError: Error {
  message=&apos;Timeout 30000ms exceeded.
  name=&apos;TimeoutError
  stack=&apos;TimeoutError: Timeout 30000ms exceeded.
    at ProgressController.run (/private/var/folders/m8/d_ml1jqs5rdf6m9md2pykmkh0000gn/T/playwright-java-4336040391069677089/package/lib/server/progress.js:87:26)
    at Frame._callOnElementOnceMatches (/private/var/folders/m8/d_ml1jqs5rdf6m9md2pykmkh0000gn/T/playwright-java-4336040391069677089/package/lib/server/frames.js:1399:23)
    at Frame.textContent (/private/var/folders/m8/d_ml1jqs5rdf6m9md2pykmkh0000gn/T/playwright-java-4336040391069677089/package/lib/server/frames.js:1056:17)
    at FrameDispatcher.textContent (/private/var/folders/m8/d_ml1jqs5rdf6m9md2pykmkh0000gn/T/playwright-java-4336040391069677089/package/lib/server/dispatchers/frameDispatcher.js:179:37)
    at FrameDispatcher._handleCommand (/private/var/folders/m8/d_ml1jqs5rdf6m9md2pykmkh0000gn/T/playwright-java-4336040391069677089/package/lib/server/dispatchers/dispatcher.js:94:40)
    at DispatcherConnection.dispatch (/private/var/folders/m8/d_ml1jqs5rdf6m9md2pykmkh0000gn/T/playwright-java-4336040391069677089/package/lib/server/dispatchers/dispatcher.js:362:39)
}
Call log:
- waiting for locator(&quot;.alert&quot;)

	at com.microsoft.playwright.impl.WaitableResult.get(WaitableResult.java:52)
	at com.microsoft.playwright.impl.ChannelOwner.runUntil(ChannelOwner.java:120)
	at com.microsoft.playwright.impl.Connection.sendMessage(Connection.java:129)
	at com.microsoft.playwright.impl.ChannelOwner.sendMessage(ChannelOwner.java:106)
	at com.microsoft.playwright.impl.FrameImpl.textContentImpl(FrameImpl.java:818)
	at com.microsoft.playwright.impl.FrameImpl.lambda$textContent$38(FrameImpl.java:809)
	at com.microsoft.playwright.impl.LoggingSupport.withLogging(LoggingSupport.java:47)
	at com.microsoft.playwright.impl.ChannelOwner.withLogging(ChannelOwner.java:89)
	at com.microsoft.playwright.impl.FrameImpl.textContent(FrameImpl.java:809)
	at com.microsoft.playwright.impl.LocatorImpl.textContent(LocatorImpl.java:566)
	at com.microsoft.playwright.Locator.textContent(Locator.java:5090)
	at com.test.roku.utils.AssertionUtils.assertEquals(AssertionUtils.java:15)
	at com.test.roku.steps.ContactUsPageAssertions.assertErrorDisplayedForInvalidFormat(ContactUsPageAssertions.java:168)
	at com.test.roku.steps.ContactUsSteps.userShouldBeDisplayedInvalidFormatErrorMessage(ContactUsSteps.java:141)
	at ✽.User should be displayed invalid &quot;Phone&quot; format error message(file:///Users/sanju/Desktop/PlaywightJavaWorkSpace/PlayWrightJavaAutomation/src/test/java/features/contactUs.feature:87)
Caused by: com.microsoft.playwright.TimeoutError: Error {
  message=&apos;Timeout 30000ms exceeded.
  name=&apos;TimeoutError
  stack=&apos;TimeoutError: Timeout 30000ms exceeded.
    at ProgressController.run (/private/var/folders/m8/d_ml1jqs5rdf6m9md2pykmkh0000gn/T/playwright-java-4336040391069677089/package/lib/server/progress.js:87:26)
    at Frame._callOnElementOnceMatches (/private/var/folders/m8/d_ml1jqs5rdf6m9md2pykmkh0000gn/T/playwright-java-4336040391069677089/package/lib/server/frames.js:1399:23)
    at Frame.textContent (/private/var/folders/m8/d_ml1jqs5rdf6m9md2pykmkh0000gn/T/playwright-java-4336040391069677089/package/lib/server/frames.js:1056:17)
    at FrameDispatcher.textContent (/private/var/folders/m8/d_ml1jqs5rdf6m9md2pykmkh0000gn/T/playwright-java-4336040391069677089/package/lib/server/dispatchers/frameDispatcher.js:179:37)
    at FrameDispatcher._handleCommand (/private/var/folders/m8/d_ml1jqs5rdf6m9md2pykmkh0000gn/T/playwright-java-4336040391069677089/package/lib/server/dispatchers/dispatcher.js:94:40)
    at DispatcherConnection.dispatch (/private/var/folders/m8/d_ml1jqs5rdf6m9md2pykmkh0000gn/T/playwright-java-4336040391069677089/package/lib/server/dispatchers/dispatcher.js:362:39)
}
Call log:
- waiting for locator(&quot;.alert&quot;)

	at com.microsoft.playwright.impl.Connection.dispatch(Connection.java:254)
	at com.microsoft.playwright.impl.Connection.processOneMessage(Connection.java:209)
	at com.microsoft.playwright.impl.ChannelOwner.runUntil(ChannelOwner.java:118)
	at com.microsoft.playwright.impl.Connection.sendMessage(Connection.java:129)
	at com.microsoft.playwright.impl.ChannelOwner.sendMessage(ChannelOwner.java:106)
	at com.microsoft.playwright.impl.FrameImpl.textContentImpl(FrameImpl.java:818)
	at com.microsoft.playwright.impl.FrameImpl.lambda$textContent$38(FrameImpl.java:809)
	at com.microsoft.playwright.impl.LoggingSupport.withLogging(LoggingSupport.java:47)
	at com.microsoft.playwright.impl.ChannelOwner.withLogging(ChannelOwner.java:89)
	at com.microsoft.playwright.impl.FrameImpl.textContent(FrameImpl.java:809)
	at com.microsoft.playwright.impl.LocatorImpl.textContent(LocatorImpl.java:566)
	at com.microsoft.playwright.Locator.textContent(Locator.java:5090)
	at com.test.roku.utils.AssertionUtils.assertEquals(AssertionUtils.java:15)
	at com.test.roku.steps.ContactUsPageAssertions.assertErrorDisplayedForInvalidFormat(ContactUsPageAssertions.java:168)
	at com.test.roku.steps.ContactUsSteps.userShouldBeDisplayedInvalidFormatErrorMessage(ContactUsSteps.java:141)
	at io.cucumber.java.Invoker.doInvoke(Invoker.java:66)
	at io.cucumber.java.Invoker.invoke(Invoker.java:24)
	at io.cucumber.java.AbstractGlueDefinition.invokeMethod(AbstractGlueDefinition.java:47)
	at io.cucumber.java.JavaStepDefinition.execute(JavaStepDefinition.java:29)
	at io.cucumber.core.runner.CoreStepDefinition.execute(CoreStepDefinition.java:66)
	at io.cucumber.core.runner.PickleStepDefinitionMatch.runStep(PickleStepDefinitionMatch.java:63)
	at io.cucumber.core.runner.ExecutionMode$1.execute(ExecutionMode.java:10)
	at io.cucumber.core.runner.TestStep.executeStep(TestStep.java:86)
	at io.cucumber.core.runner.TestStep.run(TestStep.java:57)
	at io.cucumber.core.runner.PickleStepTestStep.run(PickleStepTestStep.java:51)
	at io.cucumber.core.runner.TestCase.run(TestCase.java:95)
	at io.cucumber.core.runner.Runner.runPickle(Runner.java:75)
	at io.cucumber.testng.TestNGCucumberRunner.lambda$runScenario$1(TestNGCucumberRunner.java:132)
	at io.cucumber.core.runtime.CucumberExecutionContext.lambda$runTestCase$3(CucumberExecutionContext.java:151)
	at io.cucumber.core.runtime.RethrowingThrowableCollector.executeAndThrow(RethrowingThrowableCollector.java:23)
	at io.cucumber.core.runtime.CucumberExecutionContext.runTestCase(CucumberExecutionContext.java:151)
	at io.cucumber.testng.TestNGCucumberRunner.runScenario(TestNGCucumberRunner.java:129)
	at io.cucumber.testng.AbstractTestNGCucumberTests.runScenario(AbstractTestNGCucumberTests.java:35)
	at java.base/java.util.ArrayList.forEach(ArrayList.java:1596)
... Removed 32 stack frames</div></td></tr></table><p class="totop"><a href="#summary">back to summary</a></p>
<h3 id="m11">runner.TestRunner#runScenario</h3><table class="result"><tr class="param"><th>Parameter #1</th><th>Parameter #2</th></tr><tr class="param stripe"><td>&quot;Verify user should not be able to submit invalid Phone Number : &quot;564 792 007&quot;&quot;</td><td>&quot;User should be able to submit contact us request&quot;</td></tr><tr><th colspan="2">Exception</th></tr><tr><td colspan="2"><div class="stacktrace">com.microsoft.playwright.TimeoutError: Error {
  message=&apos;Timeout 30000ms exceeded.
  name=&apos;TimeoutError
  stack=&apos;TimeoutError: Timeout 30000ms exceeded.
    at ProgressController.run (/private/var/folders/m8/d_ml1jqs5rdf6m9md2pykmkh0000gn/T/playwright-java-4336040391069677089/package/lib/server/progress.js:87:26)
    at Frame._callOnElementOnceMatches (/private/var/folders/m8/d_ml1jqs5rdf6m9md2pykmkh0000gn/T/playwright-java-4336040391069677089/package/lib/server/frames.js:1399:23)
    at Frame.textContent (/private/var/folders/m8/d_ml1jqs5rdf6m9md2pykmkh0000gn/T/playwright-java-4336040391069677089/package/lib/server/frames.js:1056:17)
    at FrameDispatcher.textContent (/private/var/folders/m8/d_ml1jqs5rdf6m9md2pykmkh0000gn/T/playwright-java-4336040391069677089/package/lib/server/dispatchers/frameDispatcher.js:179:37)
    at FrameDispatcher._handleCommand (/private/var/folders/m8/d_ml1jqs5rdf6m9md2pykmkh0000gn/T/playwright-java-4336040391069677089/package/lib/server/dispatchers/dispatcher.js:94:40)
    at DispatcherConnection.dispatch (/private/var/folders/m8/d_ml1jqs5rdf6m9md2pykmkh0000gn/T/playwright-java-4336040391069677089/package/lib/server/dispatchers/dispatcher.js:362:39)
}
Call log:
- waiting for locator(&quot;.alert&quot;)

	at com.microsoft.playwright.impl.WaitableResult.get(WaitableResult.java:52)
	at com.microsoft.playwright.impl.ChannelOwner.runUntil(ChannelOwner.java:120)
	at com.microsoft.playwright.impl.Connection.sendMessage(Connection.java:129)
	at com.microsoft.playwright.impl.ChannelOwner.sendMessage(ChannelOwner.java:106)
	at com.microsoft.playwright.impl.FrameImpl.textContentImpl(FrameImpl.java:818)
	at com.microsoft.playwright.impl.FrameImpl.lambda$textContent$38(FrameImpl.java:809)
	at com.microsoft.playwright.impl.LoggingSupport.withLogging(LoggingSupport.java:47)
	at com.microsoft.playwright.impl.ChannelOwner.withLogging(ChannelOwner.java:89)
	at com.microsoft.playwright.impl.FrameImpl.textContent(FrameImpl.java:809)
	at com.microsoft.playwright.impl.LocatorImpl.textContent(LocatorImpl.java:566)
	at com.microsoft.playwright.Locator.textContent(Locator.java:5090)
	at com.test.roku.utils.AssertionUtils.assertEquals(AssertionUtils.java:15)
	at com.test.roku.steps.ContactUsPageAssertions.assertErrorDisplayedForInvalidFormat(ContactUsPageAssertions.java:168)
	at com.test.roku.steps.ContactUsSteps.userShouldBeDisplayedInvalidFormatErrorMessage(ContactUsSteps.java:141)
	at ✽.User should be displayed invalid &quot;Phone&quot; format error message(file:///Users/sanju/Desktop/PlaywightJavaWorkSpace/PlayWrightJavaAutomation/src/test/java/features/contactUs.feature:87)
Caused by: com.microsoft.playwright.TimeoutError: Error {
  message=&apos;Timeout 30000ms exceeded.
  name=&apos;TimeoutError
  stack=&apos;TimeoutError: Timeout 30000ms exceeded.
    at ProgressController.run (/private/var/folders/m8/d_ml1jqs5rdf6m9md2pykmkh0000gn/T/playwright-java-4336040391069677089/package/lib/server/progress.js:87:26)
    at Frame._callOnElementOnceMatches (/private/var/folders/m8/d_ml1jqs5rdf6m9md2pykmkh0000gn/T/playwright-java-4336040391069677089/package/lib/server/frames.js:1399:23)
    at Frame.textContent (/private/var/folders/m8/d_ml1jqs5rdf6m9md2pykmkh0000gn/T/playwright-java-4336040391069677089/package/lib/server/frames.js:1056:17)
    at FrameDispatcher.textContent (/private/var/folders/m8/d_ml1jqs5rdf6m9md2pykmkh0000gn/T/playwright-java-4336040391069677089/package/lib/server/dispatchers/frameDispatcher.js:179:37)
    at FrameDispatcher._handleCommand (/private/var/folders/m8/d_ml1jqs5rdf6m9md2pykmkh0000gn/T/playwright-java-4336040391069677089/package/lib/server/dispatchers/dispatcher.js:94:40)
    at DispatcherConnection.dispatch (/private/var/folders/m8/d_ml1jqs5rdf6m9md2pykmkh0000gn/T/playwright-java-4336040391069677089/package/lib/server/dispatchers/dispatcher.js:362:39)
}
Call log:
- waiting for locator(&quot;.alert&quot;)

	at com.microsoft.playwright.impl.Connection.dispatch(Connection.java:254)
	at com.microsoft.playwright.impl.Connection.processOneMessage(Connection.java:209)
	at com.microsoft.playwright.impl.ChannelOwner.runUntil(ChannelOwner.java:118)
	at com.microsoft.playwright.impl.Connection.sendMessage(Connection.java:129)
	at com.microsoft.playwright.impl.ChannelOwner.sendMessage(ChannelOwner.java:106)
	at com.microsoft.playwright.impl.FrameImpl.textContentImpl(FrameImpl.java:818)
	at com.microsoft.playwright.impl.FrameImpl.lambda$textContent$38(FrameImpl.java:809)
	at com.microsoft.playwright.impl.LoggingSupport.withLogging(LoggingSupport.java:47)
	at com.microsoft.playwright.impl.ChannelOwner.withLogging(ChannelOwner.java:89)
	at com.microsoft.playwright.impl.FrameImpl.textContent(FrameImpl.java:809)
	at com.microsoft.playwright.impl.LocatorImpl.textContent(LocatorImpl.java:566)
	at com.microsoft.playwright.Locator.textContent(Locator.java:5090)
	at com.test.roku.utils.AssertionUtils.assertEquals(AssertionUtils.java:15)
	at com.test.roku.steps.ContactUsPageAssertions.assertErrorDisplayedForInvalidFormat(ContactUsPageAssertions.java:168)
	at com.test.roku.steps.ContactUsSteps.userShouldBeDisplayedInvalidFormatErrorMessage(ContactUsSteps.java:141)
	at io.cucumber.java.Invoker.doInvoke(Invoker.java:66)
	at io.cucumber.java.Invoker.invoke(Invoker.java:24)
	at io.cucumber.java.AbstractGlueDefinition.invokeMethod(AbstractGlueDefinition.java:47)
	at io.cucumber.java.JavaStepDefinition.execute(JavaStepDefinition.java:29)
	at io.cucumber.core.runner.CoreStepDefinition.execute(CoreStepDefinition.java:66)
	at io.cucumber.core.runner.PickleStepDefinitionMatch.runStep(PickleStepDefinitionMatch.java:63)
	at io.cucumber.core.runner.ExecutionMode$1.execute(ExecutionMode.java:10)
	at io.cucumber.core.runner.TestStep.executeStep(TestStep.java:86)
	at io.cucumber.core.runner.TestStep.run(TestStep.java:57)
	at io.cucumber.core.runner.PickleStepTestStep.run(PickleStepTestStep.java:51)
	at io.cucumber.core.runner.TestCase.run(TestCase.java:95)
	at io.cucumber.core.runner.Runner.runPickle(Runner.java:75)
	at io.cucumber.testng.TestNGCucumberRunner.lambda$runScenario$1(TestNGCucumberRunner.java:132)
	at io.cucumber.core.runtime.CucumberExecutionContext.lambda$runTestCase$3(CucumberExecutionContext.java:151)
	at io.cucumber.core.runtime.RethrowingThrowableCollector.executeAndThrow(RethrowingThrowableCollector.java:23)
	at io.cucumber.core.runtime.CucumberExecutionContext.runTestCase(CucumberExecutionContext.java:151)
	at io.cucumber.testng.TestNGCucumberRunner.runScenario(TestNGCucumberRunner.java:129)
	at io.cucumber.testng.AbstractTestNGCucumberTests.runScenario(AbstractTestNGCucumberTests.java:35)
	at java.base/java.util.ArrayList.forEach(ArrayList.java:1596)
... Removed 32 stack frames</div></td></tr></table><p class="totop"><a href="#summary">back to summary</a></p>
<h3 id="m12">runner.TestRunner#runScenario</h3><table class="result"><tr class="param"><th>Parameter #1</th><th>Parameter #2</th></tr><tr class="param stripe"><td>&quot;Verify user should not be able to submit invalid Phone Number : &quot;777-111-222&quot;&quot;</td><td>&quot;User should be able to submit contact us request&quot;</td></tr><tr><th colspan="2">Exception</th></tr><tr><td colspan="2"><div class="stacktrace">com.microsoft.playwright.TimeoutError: Error {
  message=&apos;Timeout 30000ms exceeded.
  name=&apos;TimeoutError
  stack=&apos;TimeoutError: Timeout 30000ms exceeded.
    at ProgressController.run (/private/var/folders/m8/d_ml1jqs5rdf6m9md2pykmkh0000gn/T/playwright-java-4336040391069677089/package/lib/server/progress.js:87:26)
    at Frame._callOnElementOnceMatches (/private/var/folders/m8/d_ml1jqs5rdf6m9md2pykmkh0000gn/T/playwright-java-4336040391069677089/package/lib/server/frames.js:1399:23)
    at Frame.textContent (/private/var/folders/m8/d_ml1jqs5rdf6m9md2pykmkh0000gn/T/playwright-java-4336040391069677089/package/lib/server/frames.js:1056:17)
    at FrameDispatcher.textContent (/private/var/folders/m8/d_ml1jqs5rdf6m9md2pykmkh0000gn/T/playwright-java-4336040391069677089/package/lib/server/dispatchers/frameDispatcher.js:179:37)
    at FrameDispatcher._handleCommand (/private/var/folders/m8/d_ml1jqs5rdf6m9md2pykmkh0000gn/T/playwright-java-4336040391069677089/package/lib/server/dispatchers/dispatcher.js:94:40)
    at DispatcherConnection.dispatch (/private/var/folders/m8/d_ml1jqs5rdf6m9md2pykmkh0000gn/T/playwright-java-4336040391069677089/package/lib/server/dispatchers/dispatcher.js:362:39)
}
Call log:
- waiting for locator(&quot;.alert&quot;)

	at com.microsoft.playwright.impl.WaitableResult.get(WaitableResult.java:52)
	at com.microsoft.playwright.impl.ChannelOwner.runUntil(ChannelOwner.java:120)
	at com.microsoft.playwright.impl.Connection.sendMessage(Connection.java:129)
	at com.microsoft.playwright.impl.ChannelOwner.sendMessage(ChannelOwner.java:106)
	at com.microsoft.playwright.impl.FrameImpl.textContentImpl(FrameImpl.java:818)
	at com.microsoft.playwright.impl.FrameImpl.lambda$textContent$38(FrameImpl.java:809)
	at com.microsoft.playwright.impl.LoggingSupport.withLogging(LoggingSupport.java:47)
	at com.microsoft.playwright.impl.ChannelOwner.withLogging(ChannelOwner.java:89)
	at com.microsoft.playwright.impl.FrameImpl.textContent(FrameImpl.java:809)
	at com.microsoft.playwright.impl.LocatorImpl.textContent(LocatorImpl.java:566)
	at com.microsoft.playwright.Locator.textContent(Locator.java:5090)
	at com.test.roku.utils.AssertionUtils.assertEquals(AssertionUtils.java:15)
	at com.test.roku.steps.ContactUsPageAssertions.assertErrorDisplayedForInvalidFormat(ContactUsPageAssertions.java:168)
	at com.test.roku.steps.ContactUsSteps.userShouldBeDisplayedInvalidFormatErrorMessage(ContactUsSteps.java:141)
	at ✽.User should be displayed invalid &quot;Phone&quot; format error message(file:///Users/sanju/Desktop/PlaywightJavaWorkSpace/PlayWrightJavaAutomation/src/test/java/features/contactUs.feature:87)
Caused by: com.microsoft.playwright.TimeoutError: Error {
  message=&apos;Timeout 30000ms exceeded.
  name=&apos;TimeoutError
  stack=&apos;TimeoutError: Timeout 30000ms exceeded.
    at ProgressController.run (/private/var/folders/m8/d_ml1jqs5rdf6m9md2pykmkh0000gn/T/playwright-java-4336040391069677089/package/lib/server/progress.js:87:26)
    at Frame._callOnElementOnceMatches (/private/var/folders/m8/d_ml1jqs5rdf6m9md2pykmkh0000gn/T/playwright-java-4336040391069677089/package/lib/server/frames.js:1399:23)
    at Frame.textContent (/private/var/folders/m8/d_ml1jqs5rdf6m9md2pykmkh0000gn/T/playwright-java-4336040391069677089/package/lib/server/frames.js:1056:17)
    at FrameDispatcher.textContent (/private/var/folders/m8/d_ml1jqs5rdf6m9md2pykmkh0000gn/T/playwright-java-4336040391069677089/package/lib/server/dispatchers/frameDispatcher.js:179:37)
    at FrameDispatcher._handleCommand (/private/var/folders/m8/d_ml1jqs5rdf6m9md2pykmkh0000gn/T/playwright-java-4336040391069677089/package/lib/server/dispatchers/dispatcher.js:94:40)
    at DispatcherConnection.dispatch (/private/var/folders/m8/d_ml1jqs5rdf6m9md2pykmkh0000gn/T/playwright-java-4336040391069677089/package/lib/server/dispatchers/dispatcher.js:362:39)
}
Call log:
- waiting for locator(&quot;.alert&quot;)

	at com.microsoft.playwright.impl.Connection.dispatch(Connection.java:254)
	at com.microsoft.playwright.impl.Connection.processOneMessage(Connection.java:209)
	at com.microsoft.playwright.impl.ChannelOwner.runUntil(ChannelOwner.java:118)
	at com.microsoft.playwright.impl.Connection.sendMessage(Connection.java:129)
	at com.microsoft.playwright.impl.ChannelOwner.sendMessage(ChannelOwner.java:106)
	at com.microsoft.playwright.impl.FrameImpl.textContentImpl(FrameImpl.java:818)
	at com.microsoft.playwright.impl.FrameImpl.lambda$textContent$38(FrameImpl.java:809)
	at com.microsoft.playwright.impl.LoggingSupport.withLogging(LoggingSupport.java:47)
	at com.microsoft.playwright.impl.ChannelOwner.withLogging(ChannelOwner.java:89)
	at com.microsoft.playwright.impl.FrameImpl.textContent(FrameImpl.java:809)
	at com.microsoft.playwright.impl.LocatorImpl.textContent(LocatorImpl.java:566)
	at com.microsoft.playwright.Locator.textContent(Locator.java:5090)
	at com.test.roku.utils.AssertionUtils.assertEquals(AssertionUtils.java:15)
	at com.test.roku.steps.ContactUsPageAssertions.assertErrorDisplayedForInvalidFormat(ContactUsPageAssertions.java:168)
	at com.test.roku.steps.ContactUsSteps.userShouldBeDisplayedInvalidFormatErrorMessage(ContactUsSteps.java:141)
	at io.cucumber.java.Invoker.doInvoke(Invoker.java:66)
	at io.cucumber.java.Invoker.invoke(Invoker.java:24)
	at io.cucumber.java.AbstractGlueDefinition.invokeMethod(AbstractGlueDefinition.java:47)
	at io.cucumber.java.JavaStepDefinition.execute(JavaStepDefinition.java:29)
	at io.cucumber.core.runner.CoreStepDefinition.execute(CoreStepDefinition.java:66)
	at io.cucumber.core.runner.PickleStepDefinitionMatch.runStep(PickleStepDefinitionMatch.java:63)
	at io.cucumber.core.runner.ExecutionMode$1.execute(ExecutionMode.java:10)
	at io.cucumber.core.runner.TestStep.executeStep(TestStep.java:86)
	at io.cucumber.core.runner.TestStep.run(TestStep.java:57)
	at io.cucumber.core.runner.PickleStepTestStep.run(PickleStepTestStep.java:51)
	at io.cucumber.core.runner.TestCase.run(TestCase.java:95)
	at io.cucumber.core.runner.Runner.runPickle(Runner.java:75)
	at io.cucumber.testng.TestNGCucumberRunner.lambda$runScenario$1(TestNGCucumberRunner.java:132)
	at io.cucumber.core.runtime.CucumberExecutionContext.lambda$runTestCase$3(CucumberExecutionContext.java:151)
	at io.cucumber.core.runtime.RethrowingThrowableCollector.executeAndThrow(RethrowingThrowableCollector.java:23)
	at io.cucumber.core.runtime.CucumberExecutionContext.runTestCase(CucumberExecutionContext.java:151)
	at io.cucumber.testng.TestNGCucumberRunner.runScenario(TestNGCucumberRunner.java:129)
	at io.cucumber.testng.AbstractTestNGCucumberTests.runScenario(AbstractTestNGCucumberTests.java:35)
	at java.base/java.util.ArrayList.forEach(ArrayList.java:1596)
... Removed 32 stack frames</div></td></tr></table><p class="totop"><a href="#summary">back to summary</a></p>
<h3 id="m13">runner.TestRunner#runScenario</h3><table class="result"><tr class="param"><th>Parameter #1</th><th>Parameter #2</th></tr><tr class="param stripe"><td>&quot;Verify user should not be able to submit invalid Name : &quot;!3654£!_$£%!&quot;&quot;</td><td>&quot;User should be able to submit contact us request&quot;</td></tr><tr><th colspan="2">Exception</th></tr><tr><td colspan="2"><div class="stacktrace">com.microsoft.playwright.TimeoutError: Error {
  message=&apos;Timeout 30000ms exceeded.
  name=&apos;TimeoutError
  stack=&apos;TimeoutError: Timeout 30000ms exceeded.
    at ProgressController.run (/private/var/folders/m8/d_ml1jqs5rdf6m9md2pykmkh0000gn/T/playwright-java-4336040391069677089/package/lib/server/progress.js:87:26)
    at Frame._callOnElementOnceMatches (/private/var/folders/m8/d_ml1jqs5rdf6m9md2pykmkh0000gn/T/playwright-java-4336040391069677089/package/lib/server/frames.js:1399:23)
    at Frame.textContent (/private/var/folders/m8/d_ml1jqs5rdf6m9md2pykmkh0000gn/T/playwright-java-4336040391069677089/package/lib/server/frames.js:1056:17)
    at FrameDispatcher.textContent (/private/var/folders/m8/d_ml1jqs5rdf6m9md2pykmkh0000gn/T/playwright-java-4336040391069677089/package/lib/server/dispatchers/frameDispatcher.js:179:37)
    at FrameDispatcher._handleCommand (/private/var/folders/m8/d_ml1jqs5rdf6m9md2pykmkh0000gn/T/playwright-java-4336040391069677089/package/lib/server/dispatchers/dispatcher.js:94:40)
    at DispatcherConnection.dispatch (/private/var/folders/m8/d_ml1jqs5rdf6m9md2pykmkh0000gn/T/playwright-java-4336040391069677089/package/lib/server/dispatchers/dispatcher.js:362:39)
}
Call log:
- waiting for locator(&quot;.alert&quot;)

	at com.microsoft.playwright.impl.WaitableResult.get(WaitableResult.java:52)
	at com.microsoft.playwright.impl.ChannelOwner.runUntil(ChannelOwner.java:120)
	at com.microsoft.playwright.impl.Connection.sendMessage(Connection.java:129)
	at com.microsoft.playwright.impl.ChannelOwner.sendMessage(ChannelOwner.java:106)
	at com.microsoft.playwright.impl.FrameImpl.textContentImpl(FrameImpl.java:818)
	at com.microsoft.playwright.impl.FrameImpl.lambda$textContent$38(FrameImpl.java:809)
	at com.microsoft.playwright.impl.LoggingSupport.withLogging(LoggingSupport.java:47)
	at com.microsoft.playwright.impl.ChannelOwner.withLogging(ChannelOwner.java:89)
	at com.microsoft.playwright.impl.FrameImpl.textContent(FrameImpl.java:809)
	at com.microsoft.playwright.impl.LocatorImpl.textContent(LocatorImpl.java:566)
	at com.microsoft.playwright.Locator.textContent(Locator.java:5090)
	at com.test.roku.utils.AssertionUtils.assertEquals(AssertionUtils.java:15)
	at com.test.roku.steps.ContactUsPageAssertions.assertErrorDisplayedForInvalidFormat(ContactUsPageAssertions.java:168)
	at com.test.roku.steps.ContactUsSteps.userShouldBeDisplayedInvalidFormatErrorMessage(ContactUsSteps.java:141)
	at ✽.User should be displayed invalid &quot;Name&quot; format error message(file:///Users/sanju/Desktop/PlaywightJavaWorkSpace/PlayWrightJavaAutomation/src/test/java/features/contactUs.feature:60)
Caused by: com.microsoft.playwright.TimeoutError: Error {
  message=&apos;Timeout 30000ms exceeded.
  name=&apos;TimeoutError
  stack=&apos;TimeoutError: Timeout 30000ms exceeded.
    at ProgressController.run (/private/var/folders/m8/d_ml1jqs5rdf6m9md2pykmkh0000gn/T/playwright-java-4336040391069677089/package/lib/server/progress.js:87:26)
    at Frame._callOnElementOnceMatches (/private/var/folders/m8/d_ml1jqs5rdf6m9md2pykmkh0000gn/T/playwright-java-4336040391069677089/package/lib/server/frames.js:1399:23)
    at Frame.textContent (/private/var/folders/m8/d_ml1jqs5rdf6m9md2pykmkh0000gn/T/playwright-java-4336040391069677089/package/lib/server/frames.js:1056:17)
    at FrameDispatcher.textContent (/private/var/folders/m8/d_ml1jqs5rdf6m9md2pykmkh0000gn/T/playwright-java-4336040391069677089/package/lib/server/dispatchers/frameDispatcher.js:179:37)
    at FrameDispatcher._handleCommand (/private/var/folders/m8/d_ml1jqs5rdf6m9md2pykmkh0000gn/T/playwright-java-4336040391069677089/package/lib/server/dispatchers/dispatcher.js:94:40)
    at DispatcherConnection.dispatch (/private/var/folders/m8/d_ml1jqs5rdf6m9md2pykmkh0000gn/T/playwright-java-4336040391069677089/package/lib/server/dispatchers/dispatcher.js:362:39)
}
Call log:
- waiting for locator(&quot;.alert&quot;)

	at com.microsoft.playwright.impl.Connection.dispatch(Connection.java:254)
	at com.microsoft.playwright.impl.Connection.processOneMessage(Connection.java:209)
	at com.microsoft.playwright.impl.ChannelOwner.runUntil(ChannelOwner.java:118)
	at com.microsoft.playwright.impl.Connection.sendMessage(Connection.java:129)
	at com.microsoft.playwright.impl.ChannelOwner.sendMessage(ChannelOwner.java:106)
	at com.microsoft.playwright.impl.FrameImpl.textContentImpl(FrameImpl.java:818)
	at com.microsoft.playwright.impl.FrameImpl.lambda$textContent$38(FrameImpl.java:809)
	at com.microsoft.playwright.impl.LoggingSupport.withLogging(LoggingSupport.java:47)
	at com.microsoft.playwright.impl.ChannelOwner.withLogging(ChannelOwner.java:89)
	at com.microsoft.playwright.impl.FrameImpl.textContent(FrameImpl.java:809)
	at com.microsoft.playwright.impl.LocatorImpl.textContent(LocatorImpl.java:566)
	at com.microsoft.playwright.Locator.textContent(Locator.java:5090)
	at com.test.roku.utils.AssertionUtils.assertEquals(AssertionUtils.java:15)
	at com.test.roku.steps.ContactUsPageAssertions.assertErrorDisplayedForInvalidFormat(ContactUsPageAssertions.java:168)
	at com.test.roku.steps.ContactUsSteps.userShouldBeDisplayedInvalidFormatErrorMessage(ContactUsSteps.java:141)
	at io.cucumber.java.Invoker.doInvoke(Invoker.java:66)
	at io.cucumber.java.Invoker.invoke(Invoker.java:24)
	at io.cucumber.java.AbstractGlueDefinition.invokeMethod(AbstractGlueDefinition.java:47)
	at io.cucumber.java.JavaStepDefinition.execute(JavaStepDefinition.java:29)
	at io.cucumber.core.runner.CoreStepDefinition.execute(CoreStepDefinition.java:66)
	at io.cucumber.core.runner.PickleStepDefinitionMatch.runStep(PickleStepDefinitionMatch.java:63)
	at io.cucumber.core.runner.ExecutionMode$1.execute(ExecutionMode.java:10)
	at io.cucumber.core.runner.TestStep.executeStep(TestStep.java:86)
	at io.cucumber.core.runner.TestStep.run(TestStep.java:57)
	at io.cucumber.core.runner.PickleStepTestStep.run(PickleStepTestStep.java:51)
	at io.cucumber.core.runner.TestCase.run(TestCase.java:95)
	at io.cucumber.core.runner.Runner.runPickle(Runner.java:75)
	at io.cucumber.testng.TestNGCucumberRunner.lambda$runScenario$1(TestNGCucumberRunner.java:132)
	at io.cucumber.core.runtime.CucumberExecutionContext.lambda$runTestCase$3(CucumberExecutionContext.java:151)
	at io.cucumber.core.runtime.RethrowingThrowableCollector.executeAndThrow(RethrowingThrowableCollector.java:23)
	at io.cucumber.core.runtime.CucumberExecutionContext.runTestCase(CucumberExecutionContext.java:151)
	at io.cucumber.testng.TestNGCucumberRunner.runScenario(TestNGCucumberRunner.java:129)
	at io.cucumber.testng.AbstractTestNGCucumberTests.runScenario(AbstractTestNGCucumberTests.java:35)
	at java.base/java.util.ArrayList.forEach(ArrayList.java:1596)
... Removed 32 stack frames</div></td></tr></table><p class="totop"><a href="#summary">back to summary</a></p>
<h3 id="m14">runner.TestRunner#runScenario</h3><table class="result"><tr class="param"><th>Parameter #1</th><th>Parameter #2</th></tr><tr class="param stripe"><td>&quot;Verify user should be displayed the field labels&quot;</td><td>&quot;User should be able to submit contact us request&quot;</td></tr></table><p class="totop"><a href="#summary">back to summary</a></p>
<h3 id="m15">runner.TestRunner#runScenario</h3><table class="result"><tr class="param"><th>Parameter #1</th><th>Parameter #2</th></tr><tr class="param stripe"><td>&quot;Verify that user should be able to submit contact us form with valid successfully&quot;</td><td>&quot;User should be able to submit contact us request&quot;</td></tr></table><p class="totop"><a href="#summary">back to summary</a></p>
<h3 id="m16">runner.TestRunner#runScenario</h3><table class="result"><tr class="param"><th>Parameter #1</th><th>Parameter #2</th></tr><tr class="param stripe"><td>&quot;Verify user should not be able to submit out of range Phone Number : &quot;777&quot;&quot;</td><td>&quot;User should be able to submit contact us request&quot;</td></tr></table><p class="totop"><a href="#summary">back to summary</a></p>
<h3 id="m17">runner.TestRunner#runScenario</h3><table class="result"><tr class="param"><th>Parameter #1</th><th>Parameter #2</th></tr><tr class="param stripe"><td>&quot;Verify user should not be able to submit out of range Subject : &quot;qwe&quot;&quot;</td><td>&quot;User should be able to submit contact us request&quot;</td></tr></table><p class="totop"><a href="#summary">back to summary</a></p>
<h3 id="m18">runner.TestRunner#runScenario</h3><table class="result"><tr class="param"><th>Parameter #1</th><th>Parameter #2</th></tr><tr class="param stripe"><td>&quot;Verify user should be displayed the field labels&quot;</td><td>&quot;User should be able to submit contact us request&quot;</td></tr></table><p class="totop"><a href="#summary">back to summary</a></p>
<h3 id="m19">runner.TestRunner#runScenario</h3><table class="result"><tr class="param"><th>Parameter #1</th><th>Parameter #2</th></tr><tr class="param stripe"><td>&quot;Verify user should be displayed the field labels&quot;</td><td>&quot;User should be able to submit contact us request&quot;</td></tr></table><p class="totop"><a href="#summary">back to summary</a></p>
<h3 id="m20">runner.TestRunner#runScenario</h3><table class="result"><tr class="param"><th>Parameter #1</th><th>Parameter #2</th></tr><tr class="param stripe"><td>&quot;Verify user should be displayed the field labels&quot;</td><td>&quot;User should be able to submit contact us request&quot;</td></tr></table><p class="totop"><a href="#summary">back to summary</a></p>
<h3 id="m21">runner.TestRunner#runScenario</h3><table class="result"><tr class="param"><th>Parameter #1</th><th>Parameter #2</th></tr><tr class="param stripe"><td>&quot;Verify user should be displayed the field specific icons&quot;</td><td>&quot;User should be able to submit contact us request&quot;</td></tr></table><p class="totop"><a href="#summary">back to summary</a></p>
<h3 id="m22">runner.TestRunner#runScenario</h3><table class="result"><tr class="param"><th>Parameter #1</th><th>Parameter #2</th></tr><tr class="param stripe"><td>&quot;Verify user should not be able to submit invalid Email : &quot;missingDomain@&quot;&quot;</td><td>&quot;User should be able to submit contact us request&quot;</td></tr></table><p class="totop"><a href="#summary">back to summary</a></p>
<h3 id="m23">runner.TestRunner#runScenario</h3><table class="result"><tr class="param"><th>Parameter #1</th><th>Parameter #2</th></tr><tr class="param stripe"><td>&quot;Verify user should not be able to submit invalid Email : &quot;missingCom@xyz.&quot;&quot;</td><td>&quot;User should be able to submit contact us request&quot;</td></tr></table><p class="totop"><a href="#summary">back to summary</a></p>
<h3 id="m24">runner.TestRunner#runScenario</h3><table class="result"><tr class="param"><th>Parameter #1</th><th>Parameter #2</th></tr><tr class="param stripe"><td>&quot;Verify user should not be able to submit out of range message : &quot;lessThanTwenty&quot;&quot;</td><td>&quot;User should be able to submit contact us request&quot;</td></tr></table><p class="totop"><a href="#summary">back to summary</a></p>
<h3 id="m25">runner.TestRunner#runScenario</h3><table class="result"><tr class="param"><th>Parameter #1</th><th>Parameter #2</th></tr><tr class="param stripe"><td>&quot;Verify user should not be able to submit invalid Email : &quot;invalidEmailMissingAt.com&quot;&quot;</td><td>&quot;User should be able to submit contact us request&quot;</td></tr></table><p class="totop"><a href="#summary">back to summary</a></p>
<h3 id="m26">runner.TestRunner#runScenario</h3><table class="result"><tr class="param"><th>Parameter #1</th><th>Parameter #2</th></tr><tr class="param stripe"><td>&quot;Verify user should not be able to submit invalid Email : &quot;spaces not@allowed.com&quot;&quot;</td><td>&quot;User should be able to submit contact us request&quot;</td></tr></table><p class="totop"><a href="#summary">back to summary</a></p>
<h3 id="m27">runner.TestRunner#runScenario</h3><table class="result"><tr class="param"><th>Parameter #1</th><th>Parameter #2</th></tr><tr class="param stripe"><td>&quot;Verify user should not be able to submit out of range message : &quot;MessageTextWithMoreThan2000CharactersopasdfghjklzxcvbnmqwertyuiopasdfghjklzxcvbnmqwertyuiopasdfghjklzxcvbnmqwertyuiopasdfghjklzxcvbnmqwertyuiopasdfghjklzxcvbnmqwertyuiopasdfghjklzxcvbnmqwertyuiopasdfghjklzxcvbnmqwertyuiopasdfghjklzxcvbnmqwertyuiopasdfghjklzxcvbnmqwertyuiopasdfghjopasdfghjklzxcvbnmqwertyuiopasdfghjklzxcvbnmqwertyuiopasdfghjklzxcvbnmqwertyuiopasdfghjklzxcvbnmqwertyuiopasdfghjklzxcvbnmqwertyuiopasdfghjklzxcvbnmqwertyuiopasdfghjklzxcvbnmqwertyuiopasdfghjklzxcvbnmqwertyuiopasdfghjklzxcvbnmqwertyuiopasdfghjklzxcvbnmqwertyuiopasdfghjklzxcvbnmqwertyuiopasdfghjklzxcvbnmqwertyuiopasdfghjklzxcvbnmqwertyuiopasdfghjklzxcvbnmqwertyuiopasdfghjklzxcvbnmqwertyuiopasdfghjklzxcvbnmqwertyuiopasdfghjklzxcvbnmqwertyuiopasdfghjklzxcvbnmqwertyuiopasdfghjbnmqwertyuiopasdfghjklzxcvbnmqwertyuiopasdfghjklzxcvbnmqwertyuiopasdfghjklzxcvbnmqwertyuiopasdfghjklzxcvbnmqwertyuiopasdfghjklzxcvbnmqwertyuiopasdfghjklzxcvbnmqwertyuiopasdfghjklzxcvbnmqwertyuiopasdfghjklzxcvbnmqwertyuiopasdfghjklzxcvbnmqwertyuiopasdfghjklzxcvbnmqwertyuiopasdfghjklzxcvbnmqwertyuiopasdfghjklzxcvbnmqwertyuiopasdfghjklzxcvbnmqwertyuiopasdfghjklzxcvbnmqwertyuiopasdfghjklzxcvbnmqwertyuiopasdfghjklzxcvbnmqwertyuiopasdfghjklzxcvbnmqwertyuiopasdfghjklzxcvbnfghjklzxcvbnmqwertyuiopasdfghjklzxcvbnmqwertyuiopasdfghjklzxcvbnmqwertyuiopasdfghjklzxcvbnmqwertyuiopasdfghjklzxcvbnmqwertyuiopasdfghjklzxcvbnmqwertyuiopasdfghjklzxcvbnmqwertyuiopasdfghjklzxcvbnmqwertyuiopasdfghjklzxcvbnmqwertyuiopasdfghjklzxcvbnmqwertyuiopasdfghjklzxcvbnmqwertyuiopasdfghjklzxcvbnmqwertyuiopasdfghjklzxcvbnmqwertyuiopasdfghjklzxcvbnmqwertyuiopasdfghjklzxcvbnmqwertyuiopasdfghjklzxcvbnmqwertyuiopasdfghjklzxcvbnmqwertyuiopasdfghjklzxcvbnmqwertyuiopasdfghjklzxcvbnmqwertyuiopasdfghjklzxcvbnmqwertyuiopasdfghjklzxcvbnmqwertyuiopasdfghjklzxcvbnmqwertyuiopasdfghjklzxcvbnmqwertyuiopasdfghjklzxcvbnmqwertyuiopasdfghjklzxcvbnmqwertyuiopasdfghjklzxcvbnmqwertyuiopasdfghjklzxcvbnmqwertyuiopasdfghjklzxcvbnmqwertyuiopasdfghjklzxcvbnmqwertyuiopasdfghjklzxcvbnmqwertyuiopasdfghjklzxcvbnmqwertyuiopasdfghjklzxcvbnmqwertyuiopasdfghjklzxcvbnmqwertyuiopasdfghjklzxcvbnmqwertyuiopasdfghjklzxcvbnmqwertyuiopasdfghjklzxcvbnmQRSTUVWXYZ&quot;&quot;</td><td>&quot;User should be able to submit contact us request&quot;</td></tr></table><p class="totop"><a href="#summary">back to summary</a></p>
<h3 id="m28">runner.TestRunner#runScenario</h3><table class="result"><tr class="param"><th>Parameter #1</th><th>Parameter #2</th></tr><tr class="param stripe"><td>&quot;Verify user should not be able to submit out of range Phone Number : &quot;777711112222333344445555&quot;&quot;</td><td>&quot;User should be able to submit contact us request&quot;</td></tr></table><p class="totop"><a href="#summary">back to summary</a></p>
<h3 id="m29">runner.TestRunner#runScenario</h3><table class="result"><tr class="param"><th>Parameter #1</th><th>Parameter #2</th></tr><tr class="param stripe"><td>&quot;Verify user should not be able to submit invalid Email : &quot;@missingUserName.com&quot;&quot;</td><td>&quot;User should be able to submit contact us request&quot;</td></tr></table><p class="totop"><a href="#summary">back to summary</a></p>
<h3 id="m30">runner.TestRunner#runScenario</h3><table class="result"><tr class="param"><th>Parameter #1</th><th>Parameter #2</th></tr><tr class="param stripe"><td>&quot;Verify user should not be able to submit invalid Email : &quot;double..dots@domain.com&quot;&quot;</td><td>&quot;User should be able to submit contact us request&quot;</td></tr></table><p class="totop"><a href="#summary">back to summary</a></p>
<h3 id="m31">runner.TestRunner#runScenario</h3><table class="result"><tr class="param"><th>Parameter #1</th><th>Parameter #2</th></tr><tr class="param stripe"><td>&quot;Verify user should be displayed the field specific icons&quot;</td><td>&quot;User should be able to submit contact us request&quot;</td></tr></table><p class="totop"><a href="#summary">back to summary</a></p>
<h3 id="m32">runner.TestRunner#runScenario</h3><table class="result"><tr class="param"><th>Parameter #1</th><th>Parameter #2</th></tr><tr class="param stripe"><td>&quot;Verify user should be displayed the field specific icons&quot;</td><td>&quot;User should be able to submit contact us request&quot;</td></tr></table><p class="totop"><a href="#summary">back to summary</a></p>
<h3 id="m33">runner.TestRunner#runScenario</h3><table class="result"><tr class="param"><th>Parameter #1</th><th>Parameter #2</th></tr><tr class="param stripe"><td>&quot;Verify user should not be able to submit invalid Email : &quot;missingAtDotCom&quot;&quot;</td><td>&quot;User should be able to submit contact us request&quot;</td></tr></table><p class="totop"><a href="#summary">back to summary</a></p>
<h3 id="m34">runner.TestRunner#runScenario</h3><table class="result"><tr class="param"><th>Parameter #1</th><th>Parameter #2</th></tr><tr class="param stripe"><td>&quot;Verify user should not be able to submit out of range Subject : &quot;qwertyuiopasdfghjklzxcvbnmqwertyuiopasdfghjklzxcvbnmqwertyuiopasdfghjklzxcvbnmqwertyuiopasdfghjklzxcvbnmqwertyuiopasdfghjklzxcvbnmqwertyuiopasdfghjklzxcvbnm&quot;&quot;</td><td>&quot;User should be able to submit contact us request&quot;</td></tr></table><p class="totop"><a href="#summary">back to summary</a></p>
</body>
</html>
